2026-01-21 07:39:28 - root - INFO - Call /face_compare
2026-01-21 07:39:28 - root - INFO - ä¿å­˜base64å›¾ç‰‡: ./data/uploads/64276ee8-99a7-409f-a332-73a201ea399c.jpg, ./data/uploads/83f4a19b-204d-467c-a595-ade041df6e7a.jpg
2026-01-21 07:39:28 - root - INFO - å¼€å§‹æ¯”å¯¹äººè„¸: ./data/uploads/64276ee8-99a7-409f-a332-73a201ea399c.jpg vs ./data/uploads/83f4a19b-204d-467c-a595-ade041df6e7a.jpg
2026-01-21 07:39:28 - root - INFO - æ¸…ç†ä¸´æ—¶æ–‡ä»¶æˆåŠŸ
2026-01-21 07:39:28 - root - INFO - æ¯”å¯¹å®Œæˆ: distance=0.9115234613418579, is_same_person=True
2026-01-21 07:39:28 - root - INFO - cost_time: 0.155s
2026-01-21 07:39:28 - root - INFO - Call /face_compare
2026-01-21 07:39:28 - root - INFO - ä¿å­˜base64å›¾ç‰‡: ./data/uploads/42d99ace-25bc-4567-bf0e-1eef3a78a502.jpg, ./data/uploads/b2b6cf63-f935-4b1e-af9e-564b8002bf6f.jpg
2026-01-21 07:39:28 - root - INFO - å¼€å§‹æ¯”å¯¹äººè„¸: ./data/uploads/42d99ace-25bc-4567-bf0e-1eef3a78a502.jpg vs ./data/uploads/b2b6cf63-f935-4b1e-af9e-564b8002bf6f.jpg
2026-01-21 07:39:28 - root - INFO - æ¸…ç†ä¸´æ—¶æ–‡ä»¶æˆåŠŸ
2026-01-21 07:39:28 - root - INFO - æ¯”å¯¹å®Œæˆ: distance=0.9115234613418579, is_same_person=True
2026-01-21 07:39:28 - root - INFO - cost_time: 0.148s
2026-01-21 07:39:29 - root - INFO - Call /face_compare
2026-01-21 07:39:29 - root - INFO - ä¿å­˜base64å›¾ç‰‡: ./data/uploads/fa37eb98-9662-4b21-b45b-5213a40ed258.jpg, ./data/uploads/ee133836-769c-4dca-a439-1831913a0170.jpg
2026-01-21 07:39:29 - root - INFO - å¼€å§‹æ¯”å¯¹äººè„¸: ./data/uploads/fa37eb98-9662-4b21-b45b-5213a40ed258.jpg vs ./data/uploads/ee133836-769c-4dca-a439-1831913a0170.jpg
2026-01-21 07:39:29 - root - INFO - æ¸…ç†ä¸´æ—¶æ–‡ä»¶æˆåŠŸ
2026-01-21 07:39:29 - root - INFO - æ¯”å¯¹å®Œæˆ: distance=0.9115234613418579, is_same_person=True
2026-01-21 07:39:29 - root - INFO - cost_time: 0.148s
2026-01-21 07:46:59 - root - INFO - * Starting web service...
2026-01-21 07:46:59 - waitress - INFO - Serving on http://0.0.0.0:5002
2026-01-21 07:47:06 - root - INFO - Call /face_compare
2026-01-21 07:47:06 - root - INFO - ä¿å­˜base64å›¾ç‰‡: ./data/uploads/572f290c-acf7-4f40-8f0b-729a19857ba4.jpg, ./data/uploads/f8e56b3f-7a58-4fcc-9aad-a8707459ad5b.jpg
2026-01-21 07:47:06 - root - INFO - å¼€å§‹æ¯”å¯¹äººè„¸: ./data/uploads/572f290c-acf7-4f40-8f0b-729a19857ba4.jpg vs ./data/uploads/f8e56b3f-7a58-4fcc-9aad-a8707459ad5b.jpg
2026-01-21 07:47:13 - root - INFO - æ¸…ç†ä¸´æ—¶æ–‡ä»¶æˆåŠŸ
2026-01-21 07:47:13 - root - INFO - æ¯”å¯¹å®Œæˆ: distance=0.9115234613418579, is_same_person=True
2026-01-21 07:47:13 - root - INFO - cost_time: 7.681s
2026-01-21 07:47:17 - root - INFO - Call /face_compare
2026-01-21 07:47:17 - root - INFO - ä¿å­˜base64å›¾ç‰‡: ./data/uploads/52698169-491a-4373-b414-b3f4712113e1.jpg, ./data/uploads/369ab413-c435-4252-a689-9ec047e78baa.jpg
2026-01-21 07:47:17 - root - INFO - å¼€å§‹æ¯”å¯¹äººè„¸: ./data/uploads/52698169-491a-4373-b414-b3f4712113e1.jpg vs ./data/uploads/369ab413-c435-4252-a689-9ec047e78baa.jpg
2026-01-21 07:47:17 - root - INFO - æ¸…ç†ä¸´æ—¶æ–‡ä»¶æˆåŠŸ
2026-01-21 07:47:17 - root - INFO - æ¯”å¯¹å®Œæˆ: distance=0.9115234613418579, is_same_person=True
2026-01-21 07:47:17 - root - INFO - cost_time: 0.184s
2026-01-21 07:47:18 - root - INFO - Call /face_compare
2026-01-21 07:47:18 - root - INFO - ä¿å­˜base64å›¾ç‰‡: ./data/uploads/ac651c12-5d84-4fa7-aef4-ae78746c79a8.jpg, ./data/uploads/77904667-274b-4f52-afa5-f8844e9b81b4.jpg
2026-01-21 07:47:18 - root - INFO - å¼€å§‹æ¯”å¯¹äººè„¸: ./data/uploads/ac651c12-5d84-4fa7-aef4-ae78746c79a8.jpg vs ./data/uploads/77904667-274b-4f52-afa5-f8844e9b81b4.jpg
2026-01-21 07:47:19 - root - INFO - æ¸…ç†ä¸´æ—¶æ–‡ä»¶æˆåŠŸ
2026-01-21 07:47:19 - root - INFO - æ¯”å¯¹å®Œæˆ: distance=0.9115234613418579, is_same_person=True
2026-01-21 07:47:19 - root - INFO - cost_time: 0.16s
2026-01-21 07:47:23 - root - INFO - Call /face_compare
2026-01-21 07:47:23 - root - INFO - ä¿å­˜base64å›¾ç‰‡: ./data/uploads/164660cd-8659-4e8c-b3f5-b47cc26dad10.jpg, ./data/uploads/c14407be-1b09-4836-9f00-5a47cf023c72.jpg
2026-01-21 07:47:23 - root - INFO - å¼€å§‹æ¯”å¯¹äººè„¸: ./data/uploads/164660cd-8659-4e8c-b3f5-b47cc26dad10.jpg vs ./data/uploads/c14407be-1b09-4836-9f00-5a47cf023c72.jpg
2026-01-21 07:47:23 - root - INFO - æ¸…ç†ä¸´æ—¶æ–‡ä»¶æˆåŠŸ
2026-01-21 07:47:23 - root - INFO - æ¯”å¯¹å®Œæˆ: distance=0.9115234613418579, is_same_person=True
2026-01-21 07:47:23 - root - INFO - cost_time: 0.158s
2026-01-21 07:47:24 - root - INFO - Call /face_compare
2026-01-21 07:47:24 - root - INFO - ä¿å­˜base64å›¾ç‰‡: ./data/uploads/21d800f2-543a-4dbe-b6fd-b177c75f570b.jpg, ./data/uploads/1fdad738-9d8e-420f-b79d-5f5a1143fbc4.jpg
2026-01-21 07:47:24 - root - INFO - å¼€å§‹æ¯”å¯¹äººè„¸: ./data/uploads/21d800f2-543a-4dbe-b6fd-b177c75f570b.jpg vs ./data/uploads/1fdad738-9d8e-420f-b79d-5f5a1143fbc4.jpg
2026-01-21 07:47:24 - root - INFO - æ¸…ç†ä¸´æ—¶æ–‡ä»¶æˆåŠŸ
2026-01-21 07:47:24 - root - INFO - æ¯”å¯¹å®Œæˆ: distance=0.9115234613418579, is_same_person=True
2026-01-21 07:47:24 - root - INFO - cost_time: 0.153s
2026-01-21 07:47:24 - root - INFO - Call /face_compare
2026-01-21 07:47:24 - root - INFO - ä¿å­˜base64å›¾ç‰‡: ./data/uploads/eb4e4793-db31-41a7-9e0e-21dfa575f251.jpg, ./data/uploads/b6a6fa4d-3240-4c87-8e77-b65d2afb1bcc.jpg
2026-01-21 07:47:24 - root - INFO - å¼€å§‹æ¯”å¯¹äººè„¸: ./data/uploads/eb4e4793-db31-41a7-9e0e-21dfa575f251.jpg vs ./data/uploads/b6a6fa4d-3240-4c87-8e77-b65d2afb1bcc.jpg
2026-01-21 07:47:24 - root - INFO - æ¸…ç†ä¸´æ—¶æ–‡ä»¶æˆåŠŸ
2026-01-21 07:47:24 - root - INFO - æ¯”å¯¹å®Œæˆ: distance=0.9115234613418579, is_same_person=True
2026-01-21 07:47:24 - root - INFO - cost_time: 0.152s
2026-01-26 13:47:27 - root - INFO - * Starting web service...
2026-01-26 13:47:27 - waitress - INFO - Serving on http://0.0.0.0:5002
2026-01-26 13:49:52 - root - INFO - * Starting web service...
2026-01-26 13:49:54 - werkzeug - INFO - [31m[1mWARNING: This is a development server. Do not use it in a production deployment. Use a production WSGI server instead.[0m
 * Running on all addresses (0.0.0.0)
 * Running on http://127.0.0.1:5002
 * Running on http://172.18.27.228:5002
2026-01-26 13:49:54 - werkzeug - INFO - [33mPress CTRL+C to quit[0m
2026-01-26 13:49:54 - werkzeug - INFO -  * Restarting with stat
2026-01-26 13:50:01 - root - INFO - * Starting web service...
2026-01-26 13:50:01 - werkzeug - WARNING -  * Debugger is active!
2026-01-26 13:50:01 - werkzeug - INFO -  * Debugger PIN: 592-922-391
2026-01-26 13:50:03 - root - INFO - Call /bar_detect
2026-01-26 13:50:03 - root - INFO - ä¿å­˜base64å›¾ç‰‡: ./data/uploads/181253af-89eb-4480-96d9-10d20537c4a3.jpg
2026-01-26 13:50:03 - root - INFO - å¼€å§‹æ£€æµ‹æ¡å½¢ç : ./data/uploads/181253af-89eb-4480-96d9-10d20537c4a3.jpg
2026-01-26 13:50:03 - root - INFO - æ¸…ç†ä¸´æ—¶æ–‡ä»¶æˆåŠŸ
2026-01-26 13:50:03 - root - INFO - æ£€æµ‹å®Œæˆ: æ£€æµ‹åˆ° 1 ä¸ªæ¡å½¢ç , cost_time: 0.241s
2026-01-26 13:50:03 - root - ERROR - æœåŠ¡å™¨é”™è¯¯: Object of type ndarray is not JSON serializable
Traceback (most recent call last):
  File "/data/cjl/ai-supervise-server/run_server.py", line 267, in bar_detect
    return jsonify(response)
  File "/data/cjl/miniconda3/envs/torch_cu121/lib/python3.10/site-packages/flask/json/__init__.py", line 170, in jsonify
    return current_app.json.response(*args, **kwargs)  # type: ignore[return-value]
  File "/data/cjl/miniconda3/envs/torch_cu121/lib/python3.10/site-packages/flask/json/provider.py", line 214, in response
    f"{self.dumps(obj, **dump_args)}\n", mimetype=self.mimetype
  File "/data/cjl/miniconda3/envs/torch_cu121/lib/python3.10/site-packages/flask/json/provider.py", line 179, in dumps
    return json.dumps(obj, **kwargs)
  File "/data/cjl/miniconda3/envs/torch_cu121/lib/python3.10/json/__init__.py", line 238, in dumps
    **kw).encode(obj)
  File "/data/cjl/miniconda3/envs/torch_cu121/lib/python3.10/json/encoder.py", line 201, in encode
    chunks = list(chunks)
  File "/data/cjl/miniconda3/envs/torch_cu121/lib/python3.10/json/encoder.py", line 431, in _iterencode
    yield from _iterencode_dict(o, _current_indent_level)
  File "/data/cjl/miniconda3/envs/torch_cu121/lib/python3.10/json/encoder.py", line 405, in _iterencode_dict
    yield from chunks
  File "/data/cjl/miniconda3/envs/torch_cu121/lib/python3.10/json/encoder.py", line 325, in _iterencode_list
    yield from chunks
  File "/data/cjl/miniconda3/envs/torch_cu121/lib/python3.10/json/encoder.py", line 405, in _iterencode_dict
    yield from chunks
  File "/data/cjl/miniconda3/envs/torch_cu121/lib/python3.10/json/encoder.py", line 438, in _iterencode
    o = _default(o)
  File "/data/cjl/miniconda3/envs/torch_cu121/lib/python3.10/site-packages/flask/json/provider.py", line 121, in _default
    raise TypeError(f"Object of type {type(o).__name__} is not JSON serializable")
TypeError: Object of type ndarray is not JSON serializable
2026-01-26 13:50:03 - werkzeug - INFO - 127.0.0.1 - - [26/Jan/2026 13:50:03] "[35m[1mPOST /bar_detect HTTP/1.1[0m" 500 -
2026-01-26 13:50:03 - root - INFO - Call /bar_detect
2026-01-26 13:50:03 - root - INFO - ä¿å­˜base64å›¾ç‰‡: ./data/uploads/95187d7c-4e21-4d48-8c75-cbc6d2f3f67a.jpg
2026-01-26 13:50:03 - root - INFO - å¼€å§‹æ£€æµ‹æ¡å½¢ç : ./data/uploads/95187d7c-4e21-4d48-8c75-cbc6d2f3f67a.jpg
2026-01-26 13:50:03 - root - INFO - æ¸…ç†ä¸´æ—¶æ–‡ä»¶æˆåŠŸ
2026-01-26 13:50:03 - root - INFO - æ£€æµ‹å®Œæˆ: æ£€æµ‹åˆ° 1 ä¸ªæ¡å½¢ç , cost_time: 0.271s
2026-01-26 13:50:03 - root - ERROR - æœåŠ¡å™¨é”™è¯¯: Object of type ndarray is not JSON serializable
Traceback (most recent call last):
  File "/data/cjl/ai-supervise-server/run_server.py", line 267, in bar_detect
    return jsonify(response)
  File "/data/cjl/miniconda3/envs/torch_cu121/lib/python3.10/site-packages/flask/json/__init__.py", line 170, in jsonify
    return current_app.json.response(*args, **kwargs)  # type: ignore[return-value]
  File "/data/cjl/miniconda3/envs/torch_cu121/lib/python3.10/site-packages/flask/json/provider.py", line 214, in response
    f"{self.dumps(obj, **dump_args)}\n", mimetype=self.mimetype
  File "/data/cjl/miniconda3/envs/torch_cu121/lib/python3.10/site-packages/flask/json/provider.py", line 179, in dumps
    return json.dumps(obj, **kwargs)
  File "/data/cjl/miniconda3/envs/torch_cu121/lib/python3.10/json/__init__.py", line 238, in dumps
    **kw).encode(obj)
  File "/data/cjl/miniconda3/envs/torch_cu121/lib/python3.10/json/encoder.py", line 201, in encode
    chunks = list(chunks)
  File "/data/cjl/miniconda3/envs/torch_cu121/lib/python3.10/json/encoder.py", line 431, in _iterencode
    yield from _iterencode_dict(o, _current_indent_level)
  File "/data/cjl/miniconda3/envs/torch_cu121/lib/python3.10/json/encoder.py", line 405, in _iterencode_dict
    yield from chunks
  File "/data/cjl/miniconda3/envs/torch_cu121/lib/python3.10/json/encoder.py", line 325, in _iterencode_list
    yield from chunks
  File "/data/cjl/miniconda3/envs/torch_cu121/lib/python3.10/json/encoder.py", line 405, in _iterencode_dict
    yield from chunks
  File "/data/cjl/miniconda3/envs/torch_cu121/lib/python3.10/json/encoder.py", line 438, in _iterencode
    o = _default(o)
  File "/data/cjl/miniconda3/envs/torch_cu121/lib/python3.10/site-packages/flask/json/provider.py", line 121, in _default
    raise TypeError(f"Object of type {type(o).__name__} is not JSON serializable")
TypeError: Object of type ndarray is not JSON serializable
2026-01-26 13:50:03 - werkzeug - INFO - 127.0.0.1 - - [26/Jan/2026 13:50:03] "[35m[1mPOST /bar_detect HTTP/1.1[0m" 500 -
2026-01-26 13:50:03 - root - INFO - Call /bar_detect
2026-01-26 13:50:03 - root - INFO - ä¿å­˜base64å›¾ç‰‡: ./data/uploads/644c841c-75d1-46e0-9074-0435ed60d75c.jpg
2026-01-26 13:50:03 - root - INFO - å¼€å§‹æ£€æµ‹æ¡å½¢ç : ./data/uploads/644c841c-75d1-46e0-9074-0435ed60d75c.jpg
2026-01-26 13:50:03 - root - INFO - æ¸…ç†ä¸´æ—¶æ–‡ä»¶æˆåŠŸ
2026-01-26 13:50:03 - root - INFO - æ£€æµ‹å®Œæˆ: æ£€æµ‹åˆ° 1 ä¸ªæ¡å½¢ç , cost_time: 0.279s
2026-01-26 13:50:03 - root - ERROR - æœåŠ¡å™¨é”™è¯¯: Object of type ndarray is not JSON serializable
Traceback (most recent call last):
  File "/data/cjl/ai-supervise-server/run_server.py", line 267, in bar_detect
    return jsonify(response)
  File "/data/cjl/miniconda3/envs/torch_cu121/lib/python3.10/site-packages/flask/json/__init__.py", line 170, in jsonify
    return current_app.json.response(*args, **kwargs)  # type: ignore[return-value]
  File "/data/cjl/miniconda3/envs/torch_cu121/lib/python3.10/site-packages/flask/json/provider.py", line 214, in response
    f"{self.dumps(obj, **dump_args)}\n", mimetype=self.mimetype
  File "/data/cjl/miniconda3/envs/torch_cu121/lib/python3.10/site-packages/flask/json/provider.py", line 179, in dumps
    return json.dumps(obj, **kwargs)
  File "/data/cjl/miniconda3/envs/torch_cu121/lib/python3.10/json/__init__.py", line 238, in dumps
    **kw).encode(obj)
  File "/data/cjl/miniconda3/envs/torch_cu121/lib/python3.10/json/encoder.py", line 201, in encode
    chunks = list(chunks)
  File "/data/cjl/miniconda3/envs/torch_cu121/lib/python3.10/json/encoder.py", line 431, in _iterencode
    yield from _iterencode_dict(o, _current_indent_level)
  File "/data/cjl/miniconda3/envs/torch_cu121/lib/python3.10/json/encoder.py", line 405, in _iterencode_dict
    yield from chunks
  File "/data/cjl/miniconda3/envs/torch_cu121/lib/python3.10/json/encoder.py", line 325, in _iterencode_list
    yield from chunks
  File "/data/cjl/miniconda3/envs/torch_cu121/lib/python3.10/json/encoder.py", line 405, in _iterencode_dict
    yield from chunks
  File "/data/cjl/miniconda3/envs/torch_cu121/lib/python3.10/json/encoder.py", line 438, in _iterencode
    o = _default(o)
  File "/data/cjl/miniconda3/envs/torch_cu121/lib/python3.10/site-packages/flask/json/provider.py", line 121, in _default
    raise TypeError(f"Object of type {type(o).__name__} is not JSON serializable")
TypeError: Object of type ndarray is not JSON serializable
2026-01-26 13:50:03 - werkzeug - INFO - 127.0.0.1 - - [26/Jan/2026 13:50:03] "[35m[1mPOST /bar_detect HTTP/1.1[0m" 500 -
2026-01-26 13:51:20 - root - INFO - Call /bar_detect
2026-01-26 13:51:20 - root - INFO - ä¿å­˜base64å›¾ç‰‡: ./data/uploads/6081932c-2154-4811-82c7-ad5f25c84bce.jpg
2026-01-26 13:51:20 - root - INFO - å¼€å§‹æ£€æµ‹æ¡å½¢ç : ./data/uploads/6081932c-2154-4811-82c7-ad5f25c84bce.jpg
2026-01-26 13:51:30 - root - INFO - Call /bar_detect
2026-01-26 13:51:30 - root - INFO - ä¿å­˜base64å›¾ç‰‡: ./data/uploads/c13916bc-5861-468c-8bb7-7724f79b5565.jpg
2026-01-26 13:51:30 - root - INFO - å¼€å§‹æ£€æµ‹æ¡å½¢ç : ./data/uploads/c13916bc-5861-468c-8bb7-7724f79b5565.jpg
2026-01-26 13:51:40 - root - INFO - Call /bar_detect
2026-01-26 13:51:40 - root - INFO - ä¿å­˜base64å›¾ç‰‡: ./data/uploads/c87421ae-bca8-435e-8a12-bdc707939f6b.jpg
2026-01-26 13:51:40 - root - INFO - å¼€å§‹æ£€æµ‹æ¡å½¢ç : ./data/uploads/c87421ae-bca8-435e-8a12-bdc707939f6b.jpg
2026-01-26 13:52:21 - werkzeug - INFO -  * Detected change in '/data/cjl/ai-supervise-server/test_api.py', reloading
2026-01-26 13:59:14 - root - INFO - æ¸…ç†ä¸´æ—¶æ–‡ä»¶æˆåŠŸ
2026-01-26 13:59:14 - root - INFO - æ¸…ç†ä¸´æ—¶æ–‡ä»¶æˆåŠŸ
2026-01-26 13:59:14 - root - INFO - æ£€æµ‹å®Œæˆ: æ£€æµ‹åˆ° 1 ä¸ªæ¡å½¢ç , cost_time: 463.961s
2026-01-26 13:59:14 - root - INFO - æ£€æµ‹å®Œæˆ: æ£€æµ‹åˆ° 1 ä¸ªæ¡å½¢ç , cost_time: 453.948s
2026-01-26 13:59:14 - root - ERROR - æœåŠ¡å™¨é”™è¯¯: Object of type ndarray is not JSON serializable
Traceback (most recent call last):
  File "/data/cjl/ai-supervise-server/run_server.py", line 267, in bar_detect
    return jsonify(response)
  File "/data/cjl/miniconda3/envs/torch_cu121/lib/python3.10/site-packages/flask/json/__init__.py", line 170, in jsonify
    return current_app.json.response(*args, **kwargs)  # type: ignore[return-value]
  File "/data/cjl/miniconda3/envs/torch_cu121/lib/python3.10/site-packages/flask/json/provider.py", line 214, in response
    f"{self.dumps(obj, **dump_args)}\n", mimetype=self.mimetype
  File "/data/cjl/miniconda3/envs/torch_cu121/lib/python3.10/site-packages/flask/json/provider.py", line 179, in dumps
    return json.dumps(obj, **kwargs)
  File "/data/cjl/miniconda3/envs/torch_cu121/lib/python3.10/json/__init__.py", line 238, in dumps
    **kw).encode(obj)
  File "/data/cjl/miniconda3/envs/torch_cu121/lib/python3.10/json/encoder.py", line 201, in encode
    chunks = list(chunks)
  File "/data/cjl/miniconda3/envs/torch_cu121/lib/python3.10/json/encoder.py", line 431, in _iterencode
    yield from _iterencode_dict(o, _current_indent_level)
  File "/data/cjl/miniconda3/envs/torch_cu121/lib/python3.10/json/encoder.py", line 405, in _iterencode_dict
    yield from chunks
  File "/data/cjl/miniconda3/envs/torch_cu121/lib/python3.10/json/encoder.py", line 325, in _iterencode_list
    yield from chunks
  File "/data/cjl/miniconda3/envs/torch_cu121/lib/python3.10/json/encoder.py", line 405, in _iterencode_dict
    yield from chunks
  File "/data/cjl/miniconda3/envs/torch_cu121/lib/python3.10/json/encoder.py", line 438, in _iterencode
    o = _default(o)
  File "/data/cjl/miniconda3/envs/torch_cu121/lib/python3.10/site-packages/flask/json/provider.py", line 121, in _default
    raise TypeError(f"Object of type {type(o).__name__} is not JSON serializable")
TypeError: Object of type ndarray is not JSON serializable
2026-01-26 13:59:14 - root - ERROR - æœåŠ¡å™¨é”™è¯¯: Object of type ndarray is not JSON serializable
Traceback (most recent call last):
  File "/data/cjl/ai-supervise-server/run_server.py", line 267, in bar_detect
    return jsonify(response)
  File "/data/cjl/miniconda3/envs/torch_cu121/lib/python3.10/site-packages/flask/json/__init__.py", line 170, in jsonify
    return current_app.json.response(*args, **kwargs)  # type: ignore[return-value]
  File "/data/cjl/miniconda3/envs/torch_cu121/lib/python3.10/site-packages/flask/json/provider.py", line 214, in response
    f"{self.dumps(obj, **dump_args)}\n", mimetype=self.mimetype
  File "/data/cjl/miniconda3/envs/torch_cu121/lib/python3.10/site-packages/flask/json/provider.py", line 179, in dumps
    return json.dumps(obj, **kwargs)
  File "/data/cjl/miniconda3/envs/torch_cu121/lib/python3.10/json/__init__.py", line 238, in dumps
    **kw).encode(obj)
  File "/data/cjl/miniconda3/envs/torch_cu121/lib/python3.10/json/encoder.py", line 201, in encode
    chunks = list(chunks)
  File "/data/cjl/miniconda3/envs/torch_cu121/lib/python3.10/json/encoder.py", line 431, in _iterencode
    yield from _iterencode_dict(o, _current_indent_level)
  File "/data/cjl/miniconda3/envs/torch_cu121/lib/python3.10/json/encoder.py", line 405, in _iterencode_dict
    yield from chunks
  File "/data/cjl/miniconda3/envs/torch_cu121/lib/python3.10/json/encoder.py", line 325, in _iterencode_list
    yield from chunks
  File "/data/cjl/miniconda3/envs/torch_cu121/lib/python3.10/json/encoder.py", line 405, in _iterencode_dict
    yield from chunks
  File "/data/cjl/miniconda3/envs/torch_cu121/lib/python3.10/json/encoder.py", line 438, in _iterencode
    o = _default(o)
  File "/data/cjl/miniconda3/envs/torch_cu121/lib/python3.10/site-packages/flask/json/provider.py", line 121, in _default
    raise TypeError(f"Object of type {type(o).__name__} is not JSON serializable")
TypeError: Object of type ndarray is not JSON serializable
2026-01-26 13:59:14 - werkzeug - INFO - 127.0.0.1 - - [26/Jan/2026 13:59:14] "[35m[1mPOST /bar_detect HTTP/1.1[0m" 500 -
2026-01-26 13:59:14 - werkzeug - INFO - 127.0.0.1 - - [26/Jan/2026 13:59:14] "[35m[1mPOST /bar_detect HTTP/1.1[0m" 500 -
2026-01-26 13:59:14 - root - INFO - æ¸…ç†ä¸´æ—¶æ–‡ä»¶æˆåŠŸ
2026-01-26 13:59:14 - root - INFO - æ£€æµ‹å®Œæˆ: æ£€æµ‹åˆ° 1 ä¸ªæ¡å½¢ç , cost_time: 473.998s
2026-01-26 13:59:14 - root - ERROR - æœåŠ¡å™¨é”™è¯¯: Object of type ndarray is not JSON serializable
Traceback (most recent call last):
  File "/data/cjl/ai-supervise-server/run_server.py", line 267, in bar_detect
    return jsonify(response)
  File "/data/cjl/miniconda3/envs/torch_cu121/lib/python3.10/site-packages/flask/json/__init__.py", line 170, in jsonify
    return current_app.json.response(*args, **kwargs)  # type: ignore[return-value]
  File "/data/cjl/miniconda3/envs/torch_cu121/lib/python3.10/site-packages/flask/json/provider.py", line 214, in response
    f"{self.dumps(obj, **dump_args)}\n", mimetype=self.mimetype
  File "/data/cjl/miniconda3/envs/torch_cu121/lib/python3.10/site-packages/flask/json/provider.py", line 179, in dumps
    return json.dumps(obj, **kwargs)
  File "/data/cjl/miniconda3/envs/torch_cu121/lib/python3.10/json/__init__.py", line 238, in dumps
    **kw).encode(obj)
  File "/data/cjl/miniconda3/envs/torch_cu121/lib/python3.10/json/encoder.py", line 201, in encode
    chunks = list(chunks)
  File "/data/cjl/miniconda3/envs/torch_cu121/lib/python3.10/json/encoder.py", line 431, in _iterencode
    yield from _iterencode_dict(o, _current_indent_level)
  File "/data/cjl/miniconda3/envs/torch_cu121/lib/python3.10/json/encoder.py", line 405, in _iterencode_dict
    yield from chunks
  File "/data/cjl/miniconda3/envs/torch_cu121/lib/python3.10/json/encoder.py", line 325, in _iterencode_list
    yield from chunks
  File "/data/cjl/miniconda3/envs/torch_cu121/lib/python3.10/json/encoder.py", line 405, in _iterencode_dict
    yield from chunks
  File "/data/cjl/miniconda3/envs/torch_cu121/lib/python3.10/json/encoder.py", line 438, in _iterencode
    o = _default(o)
  File "/data/cjl/miniconda3/envs/torch_cu121/lib/python3.10/site-packages/flask/json/provider.py", line 121, in _default
    raise TypeError(f"Object of type {type(o).__name__} is not JSON serializable")
TypeError: Object of type ndarray is not JSON serializable
2026-01-26 13:59:14 - werkzeug - INFO - 127.0.0.1 - - [26/Jan/2026 13:59:14] "[35m[1mPOST /bar_detect HTTP/1.1[0m" 500 -
2026-01-26 13:59:15 - werkzeug - INFO -  * Restarting with stat
2026-01-26 13:59:23 - root - INFO - * Starting web service...
2026-01-26 13:59:23 - werkzeug - WARNING -  * Debugger is active!
2026-01-26 13:59:23 - werkzeug - INFO -  * Debugger PIN: 592-922-391
2026-01-26 13:59:23 - root - INFO - Call /bar_detect
2026-01-26 13:59:23 - root - INFO - ä¿å­˜base64å›¾ç‰‡: ./data/uploads/3e2f53d9-ee64-4d2a-8332-e20493e5c546.jpg
2026-01-26 13:59:23 - root - INFO - å¼€å§‹æ£€æµ‹æ¡å½¢ç : ./data/uploads/3e2f53d9-ee64-4d2a-8332-e20493e5c546.jpg
2026-01-26 13:59:25 - werkzeug - INFO -  * Detected change in '/data/cjl/ai-supervise-server/run_server.py', reloading
2026-01-26 14:10:32 - root - INFO - æ¸…ç†ä¸´æ—¶æ–‡ä»¶æˆåŠŸ
2026-01-26 14:10:38 - root - INFO - æ£€æµ‹å®Œæˆ: æ£€æµ‹åˆ° 1 ä¸ªæ¡å½¢ç , cost_time: 674.175s
2026-01-26 14:10:39 - werkzeug - INFO - 127.0.0.1 - - [26/Jan/2026 14:10:39] "POST /bar_detect HTTP/1.1" 200 -
2026-01-26 14:10:44 - werkzeug - INFO -  * Restarting with stat
2026-01-26 14:10:51 - root - INFO - * Starting web service...
2026-01-26 14:10:52 - werkzeug - WARNING -  * Debugger is active!
2026-01-26 14:10:52 - werkzeug - INFO -  * Debugger PIN: 592-922-391
2026-01-26 14:10:52 - root - INFO - Call /bar_detect
2026-01-26 14:10:52 - root - INFO - Call /bar_detect
2026-01-26 14:10:52 - root - INFO - ä¿å­˜base64å›¾ç‰‡: ./data/uploads/11d54535-fed5-4e8e-930e-d832a6ba9397.jpg
2026-01-26 14:10:52 - root - INFO - å¼€å§‹æ£€æµ‹æ¡å½¢ç : ./data/uploads/11d54535-fed5-4e8e-930e-d832a6ba9397.jpg
2026-01-26 14:10:52 - root - INFO - ä¿å­˜base64å›¾ç‰‡: ./data/uploads/736e3600-1aab-4c6b-bcb2-e816568460d1.jpg
2026-01-26 14:10:52 - root - INFO - å¼€å§‹æ£€æµ‹æ¡å½¢ç : ./data/uploads/736e3600-1aab-4c6b-bcb2-e816568460d1.jpg
2026-01-26 14:10:56 - root - INFO - æ¸…ç†ä¸´æ—¶æ–‡ä»¶æˆåŠŸ
2026-01-26 14:10:58 - root - INFO - æ¸…ç†ä¸´æ—¶æ–‡ä»¶æˆåŠŸ
2026-01-26 14:10:58 - root - INFO - æ£€æµ‹å®Œæˆ: æ£€æµ‹åˆ° 1 ä¸ªæ¡å½¢ç , cost_time: 6.622s
2026-01-26 14:10:58 - root - INFO - æ£€æµ‹å®Œæˆ: æ£€æµ‹åˆ° 1 ä¸ªæ¡å½¢ç , cost_time: 6.619s
2026-01-26 14:10:58 - werkzeug - INFO - 127.0.0.1 - - [26/Jan/2026 14:10:58] "POST /bar_detect HTTP/1.1" 200 -
2026-01-26 14:10:58 - werkzeug - INFO - 127.0.0.1 - - [26/Jan/2026 14:10:58] "POST /bar_detect HTTP/1.1" 200 -
2026-01-26 14:10:58 - root - INFO - Call /bar_detect
2026-01-26 14:10:58 - root - INFO - ä¿å­˜base64å›¾ç‰‡: ./data/uploads/bc10067f-dadd-43b6-8ccf-42da95d66daf.jpg
2026-01-26 14:10:58 - root - INFO - Call /bar_detect
2026-01-26 14:10:58 - root - INFO - å¼€å§‹æ£€æµ‹æ¡å½¢ç : ./data/uploads/bc10067f-dadd-43b6-8ccf-42da95d66daf.jpg
2026-01-26 14:10:58 - root - INFO - ä¿å­˜base64å›¾ç‰‡: ./data/uploads/09a80dd9-890c-4e04-b022-a5f6e813eef4.jpg
2026-01-26 14:10:58 - root - INFO - å¼€å§‹æ£€æµ‹æ¡å½¢ç : ./data/uploads/09a80dd9-890c-4e04-b022-a5f6e813eef4.jpg
2026-01-26 14:11:00 - root - INFO - æ¸…ç†ä¸´æ—¶æ–‡ä»¶æˆåŠŸ
2026-01-26 14:11:00 - root - INFO - æ£€æµ‹å®Œæˆ: æ£€æµ‹åˆ° 1 ä¸ªæ¡å½¢ç , cost_time: 1.751s
2026-01-26 14:11:00 - werkzeug - INFO - 127.0.0.1 - - [26/Jan/2026 14:11:00] "POST /bar_detect HTTP/1.1" 200 -
2026-01-26 14:11:00 - root - INFO - Call /bar_detect
2026-01-26 14:11:00 - root - INFO - ä¿å­˜base64å›¾ç‰‡: ./data/uploads/0c5ecb95-9a0a-46e7-841c-4c6ed537d1e8.jpg
2026-01-26 14:11:00 - root - INFO - å¼€å§‹æ£€æµ‹æ¡å½¢ç : ./data/uploads/0c5ecb95-9a0a-46e7-841c-4c6ed537d1e8.jpg
2026-01-26 14:11:01 - root - INFO - æ¸…ç†ä¸´æ—¶æ–‡ä»¶æˆåŠŸ
2026-01-26 14:11:01 - root - INFO - æ£€æµ‹å®Œæˆ: æ£€æµ‹åˆ° 1 ä¸ªæ¡å½¢ç , cost_time: 2.981s
2026-01-26 14:11:01 - werkzeug - INFO - 127.0.0.1 - - [26/Jan/2026 14:11:01] "POST /bar_detect HTTP/1.1" 200 -
2026-01-26 14:11:01 - root - INFO - Call /bar_detect
2026-01-26 14:11:01 - root - INFO - ä¿å­˜base64å›¾ç‰‡: ./data/uploads/46d33835-7b22-4fa0-a285-df0406f8d311.jpg
2026-01-26 14:11:01 - root - INFO - å¼€å§‹æ£€æµ‹æ¡å½¢ç : ./data/uploads/46d33835-7b22-4fa0-a285-df0406f8d311.jpg
2026-01-26 14:11:02 - root - INFO - æ¸…ç†ä¸´æ—¶æ–‡ä»¶æˆåŠŸ
2026-01-26 14:11:02 - root - INFO - æ£€æµ‹å®Œæˆ: æ£€æµ‹åˆ° 1 ä¸ªæ¡å½¢ç , cost_time: 0.787s
2026-01-26 14:11:02 - werkzeug - INFO - 127.0.0.1 - - [26/Jan/2026 14:11:02] "POST /bar_detect HTTP/1.1" 200 -
2026-01-26 14:11:02 - root - INFO - æ¸…ç†ä¸´æ—¶æ–‡ä»¶æˆåŠŸ
2026-01-26 14:11:02 - root - INFO - æ£€æµ‹å®Œæˆ: æ£€æµ‹åˆ° 1 ä¸ªæ¡å½¢ç , cost_time: 2.192s
2026-01-26 14:11:02 - werkzeug - INFO - 127.0.0.1 - - [26/Jan/2026 14:11:02] "POST /bar_detect HTTP/1.1" 200 -
2026-01-26 14:11:33 - root - INFO - * Starting web service...
2026-01-26 14:11:33 - werkzeug - INFO - [31m[1mWARNING: This is a development server. Do not use it in a production deployment. Use a production WSGI server instead.[0m
 * Running on all addresses (0.0.0.0)
 * Running on http://127.0.0.1:5002
 * Running on http://172.18.27.228:5002
2026-01-26 14:11:33 - werkzeug - INFO - [33mPress CTRL+C to quit[0m
2026-01-26 14:11:33 - werkzeug - INFO -  * Restarting with stat
2026-01-26 14:11:40 - root - INFO - * Starting web service...
2026-01-26 14:11:40 - werkzeug - WARNING -  * Debugger is active!
2026-01-26 14:11:40 - werkzeug - INFO -  * Debugger PIN: 592-922-391
2026-01-26 14:11:41 - root - INFO - Call /bar_detect
2026-01-26 14:11:41 - root - INFO - ä¿å­˜base64å›¾ç‰‡: ./data/uploads/6cf502e1-d2e7-4cf3-9ee6-8af2a3394770.jpg
2026-01-26 14:11:41 - root - INFO - å¼€å§‹æ£€æµ‹æ¡å½¢ç : ./data/uploads/6cf502e1-d2e7-4cf3-9ee6-8af2a3394770.jpg
2026-01-26 14:11:41 - root - INFO - æ¸…ç†ä¸´æ—¶æ–‡ä»¶æˆåŠŸ
2026-01-26 14:11:41 - root - INFO - æ£€æµ‹å®Œæˆ: æ£€æµ‹åˆ° 1 ä¸ªæ¡å½¢ç , cost_time: 0.318s
2026-01-26 14:11:41 - werkzeug - INFO - 127.0.0.1 - - [26/Jan/2026 14:11:41] "POST /bar_detect HTTP/1.1" 200 -
2026-01-26 14:12:06 - root - INFO - Call /bar_detect
2026-01-26 14:12:06 - root - INFO - ä¿å­˜base64å›¾ç‰‡: ./data/uploads/d104a885-2b0f-44cf-95d4-90a40494d867.jpg
2026-01-26 14:12:06 - root - INFO - å¼€å§‹æ£€æµ‹æ¡å½¢ç : ./data/uploads/d104a885-2b0f-44cf-95d4-90a40494d867.jpg
2026-01-26 14:12:06 - root - INFO - æ¸…ç†ä¸´æ—¶æ–‡ä»¶æˆåŠŸ
2026-01-26 14:12:06 - root - INFO - æ£€æµ‹å®Œæˆ: æ£€æµ‹åˆ° 1 ä¸ªæ¡å½¢ç , cost_time: 0.186s
2026-01-26 14:12:06 - werkzeug - INFO - 127.0.0.1 - - [26/Jan/2026 14:12:06] "POST /bar_detect HTTP/1.1" 200 -
2026-01-26 14:12:16 - root - INFO - Call /bar_detect
2026-01-26 14:12:16 - root - INFO - ä¿å­˜base64å›¾ç‰‡: ./data/uploads/d3ad7d09-8a1f-46cf-9ba2-61e93433f1ec.jpg
2026-01-26 14:12:16 - root - INFO - å¼€å§‹æ£€æµ‹æ¡å½¢ç : ./data/uploads/d3ad7d09-8a1f-46cf-9ba2-61e93433f1ec.jpg
2026-01-26 14:12:16 - root - INFO - æ¸…ç†ä¸´æ—¶æ–‡ä»¶æˆåŠŸ
2026-01-26 14:12:16 - root - INFO - æ£€æµ‹å®Œæˆ: æ£€æµ‹åˆ° 1 ä¸ªæ¡å½¢ç , cost_time: 0.175s
2026-01-26 14:12:16 - werkzeug - INFO - 127.0.0.1 - - [26/Jan/2026 14:12:16] "POST /bar_detect HTTP/1.1" 200 -
2026-01-26 14:58:33 - root - INFO - * Starting web service...
2026-01-26 14:58:33 - werkzeug - INFO - [31m[1mWARNING: This is a development server. Do not use it in a production deployment. Use a production WSGI server instead.[0m
 * Running on all addresses (0.0.0.0)
 * Running on http://127.0.0.1:5002
 * Running on http://172.18.27.228:5002
2026-01-26 14:58:33 - werkzeug - INFO - [33mPress CTRL+C to quit[0m
2026-01-26 14:58:33 - werkzeug - INFO -  * Restarting with stat
2026-01-26 14:58:40 - root - INFO - * Starting web service...
2026-01-26 14:58:40 - werkzeug - WARNING -  * Debugger is active!
2026-01-26 14:58:40 - werkzeug - INFO -  * Debugger PIN: 592-922-391
2026-01-26 14:58:40 - root - INFO - Call /bar_detect
2026-01-26 14:58:40 - root - INFO - ä¿å­˜base64å›¾ç‰‡: ./data/uploads/ed109f86-4f77-461e-88f0-837b3f9606d9.jpg
2026-01-26 14:58:40 - root - INFO - å¼€å§‹æ£€æµ‹æ¡å½¢ç : ./data/uploads/ed109f86-4f77-461e-88f0-837b3f9606d9.jpg
2026-01-26 14:58:40 - root - INFO - æ¸…ç†ä¸´æ—¶æ–‡ä»¶æˆåŠŸ
2026-01-26 14:58:40 - root - INFO - æ£€æµ‹å®Œæˆ: æ£€æµ‹åˆ° 1 ä¸ªæ¡å½¢ç , cost_time: 0.268s
2026-01-26 14:58:40 - werkzeug - INFO - 127.0.0.1 - - [26/Jan/2026 14:58:40] "POST /bar_detect HTTP/1.1" 200 -
2026-01-26 15:22:41 - root - INFO - * Starting web service...
2026-01-26 15:22:41 - werkzeug - INFO - [31m[1mWARNING: This is a development server. Do not use it in a production deployment. Use a production WSGI server instead.[0m
 * Running on all addresses (0.0.0.0)
 * Running on http://127.0.0.1:5002
 * Running on http://172.18.27.228:5002
2026-01-26 15:22:41 - werkzeug - INFO - [33mPress CTRL+C to quit[0m
2026-01-26 15:22:41 - werkzeug - INFO -  * Restarting with stat
2026-01-26 15:22:49 - root - INFO - * Starting web service...
2026-01-26 15:22:49 - werkzeug - WARNING -  * Debugger is active!
2026-01-26 15:22:49 - werkzeug - INFO -  * Debugger PIN: 592-922-391
2026-01-26 15:23:09 - root - INFO - Call /bar_detect
2026-01-26 15:23:09 - root - INFO - ä¿å­˜base64å›¾ç‰‡: ./data/uploads/963795fb-5573-4e05-9bf7-2c58b2c79d6e.jpg
2026-01-26 15:23:09 - root - INFO - å¼€å§‹æ£€æµ‹æ¡å½¢ç : ./data/uploads/963795fb-5573-4e05-9bf7-2c58b2c79d6e.jpg
2026-01-26 15:23:10 - root - INFO - æ¸…ç†ä¸´æ—¶æ–‡ä»¶æˆåŠŸ
2026-01-26 15:23:10 - root - INFO - æ£€æµ‹å®Œæˆ: æ£€æµ‹åˆ° 1 ä¸ªæ¡å½¢ç , cost_time: 1.173s
2026-01-26 15:23:10 - werkzeug - INFO - 127.0.0.1 - - [26/Jan/2026 15:23:10] "POST /bar_detect HTTP/1.1" 200 -
2026-01-26 15:25:56 - root - INFO - * Starting web service...
2026-01-26 15:25:56 - werkzeug - INFO - [31m[1mWARNING: This is a development server. Do not use it in a production deployment. Use a production WSGI server instead.[0m
 * Running on all addresses (0.0.0.0)
 * Running on http://127.0.0.1:5002
 * Running on http://172.18.27.228:5002
2026-01-26 15:25:56 - werkzeug - INFO - [33mPress CTRL+C to quit[0m
2026-01-26 15:25:56 - werkzeug - INFO -  * Restarting with stat
2026-01-26 15:26:03 - root - INFO - * Starting web service...
2026-01-26 15:26:03 - werkzeug - WARNING -  * Debugger is active!
2026-01-26 15:26:03 - werkzeug - INFO -  * Debugger PIN: 592-922-391
2026-01-26 15:26:05 - root - INFO - Call /bar_detect
2026-01-26 15:26:05 - root - INFO - ä¿å­˜base64å›¾ç‰‡: ./data/uploads/e5e2cd1e-d679-4e1a-ab64-6d7153fbd170.jpg
2026-01-26 15:26:05 - root - INFO - å¼€å§‹æ£€æµ‹æ¡å½¢ç : ./data/uploads/e5e2cd1e-d679-4e1a-ab64-6d7153fbd170.jpg
2026-01-26 15:26:06 - root - INFO - æ¸…ç†ä¸´æ—¶æ–‡ä»¶æˆåŠŸ
2026-01-26 15:26:06 - root - INFO - æ£€æµ‹å®Œæˆ: æ£€æµ‹åˆ° 1 ä¸ªæ¡å½¢ç , cost_time: 1.466s
2026-01-26 15:26:06 - werkzeug - INFO - 127.0.0.1 - - [26/Jan/2026 15:26:06] "POST /bar_detect HTTP/1.1" 200 -
2026-01-27 09:48:43 - root - INFO - * Starting web service...
2026-01-27 09:48:43 - waitress - INFO - Serving on http://0.0.0.0:5002
2026-01-27 09:49:31 - root - INFO - Call /bar_detect
2026-01-27 09:49:31 - root - INFO - ä¿å­˜base64å›¾ç‰‡: ./data/uploads/fc70c8e0-b3c3-4c4f-9fa5-5e843b0600e5.jpg
2026-01-27 09:49:31 - root - INFO - å¼€å§‹æ£€æµ‹æ¡å½¢ç : ./data/uploads/fc70c8e0-b3c3-4c4f-9fa5-5e843b0600e5.jpg
2026-01-27 09:49:31 - root - INFO - æ¸…ç†ä¸´æ—¶æ–‡ä»¶æˆåŠŸ
2026-01-27 09:49:31 - root - INFO - æ£€æµ‹å®Œæˆ: æ£€æµ‹åˆ° 1 ä¸ªæ¡å½¢ç , cost_time: 0.4s
2026-01-27 09:49:46 - root - INFO - Call /bar_detect
2026-01-27 09:49:46 - root - INFO - ä¿å­˜base64å›¾ç‰‡: ./data/uploads/bab7ac19-1ce5-42c1-a3a5-2928184c252e.jpg
2026-01-27 09:49:46 - root - INFO - å¼€å§‹æ£€æµ‹æ¡å½¢ç : ./data/uploads/bab7ac19-1ce5-42c1-a3a5-2928184c252e.jpg
2026-01-27 09:49:46 - root - INFO - æ¸…ç†ä¸´æ—¶æ–‡ä»¶æˆåŠŸ
2026-01-27 09:49:46 - root - INFO - æ£€æµ‹å®Œæˆ: æ£€æµ‹åˆ° 1 ä¸ªæ¡å½¢ç , cost_time: 0.041s
2026-01-27 09:49:54 - root - INFO - Call /bar_detect
2026-01-27 09:49:54 - root - INFO - ä¿å­˜base64å›¾ç‰‡: ./data/uploads/90c1ece7-0097-4a18-baa4-04ef139fc6af.jpg
2026-01-27 09:49:54 - root - INFO - å¼€å§‹æ£€æµ‹æ¡å½¢ç : ./data/uploads/90c1ece7-0097-4a18-baa4-04ef139fc6af.jpg
2026-01-27 09:49:54 - root - INFO - æ¸…ç†ä¸´æ—¶æ–‡ä»¶æˆåŠŸ
2026-01-27 09:49:54 - root - INFO - æ£€æµ‹å®Œæˆ: æ£€æµ‹åˆ° 1 ä¸ªæ¡å½¢ç , cost_time: 0.039s
2026-01-27 09:50:30 - root - INFO - Call /bar_detect
2026-01-27 09:50:30 - root - INFO - ä¿å­˜base64å›¾ç‰‡: ./data/uploads/c1542991-1c8f-4a91-9a3b-c4a79677c084.jpg
2026-01-27 09:50:30 - root - INFO - å¼€å§‹æ£€æµ‹æ¡å½¢ç : ./data/uploads/c1542991-1c8f-4a91-9a3b-c4a79677c084.jpg
2026-01-27 09:50:30 - root - INFO - æ¸…ç†ä¸´æ—¶æ–‡ä»¶æˆåŠŸ
2026-01-27 09:50:30 - root - INFO - æ£€æµ‹å®Œæˆ: æ£€æµ‹åˆ° 1 ä¸ªæ¡å½¢ç , cost_time: 0.046s
2026-01-27 09:50:30 - root - INFO - Call /bar_detect
2026-01-27 09:50:30 - root - INFO - ä¿å­˜base64å›¾ç‰‡: ./data/uploads/8e9f66fe-f339-4474-af2d-b297dd61125a.jpg
2026-01-27 09:50:30 - root - INFO - å¼€å§‹æ£€æµ‹æ¡å½¢ç : ./data/uploads/8e9f66fe-f339-4474-af2d-b297dd61125a.jpg
2026-01-27 09:50:30 - root - INFO - æ¸…ç†ä¸´æ—¶æ–‡ä»¶æˆåŠŸ
2026-01-27 09:50:30 - root - INFO - æ£€æµ‹å®Œæˆ: æ£€æµ‹åˆ° 1 ä¸ªæ¡å½¢ç , cost_time: 0.072s
2026-01-27 09:50:30 - root - INFO - Call /bar_detect
2026-01-27 09:50:30 - root - INFO - ä¿å­˜base64å›¾ç‰‡: ./data/uploads/634a9cf9-71ef-4caa-9d9e-4e3beeef3cda.jpg
2026-01-27 09:50:30 - root - INFO - å¼€å§‹æ£€æµ‹æ¡å½¢ç : ./data/uploads/634a9cf9-71ef-4caa-9d9e-4e3beeef3cda.jpg
2026-01-27 09:50:30 - root - INFO - æ¸…ç†ä¸´æ—¶æ–‡ä»¶æˆåŠŸ
2026-01-27 09:50:30 - root - INFO - æ£€æµ‹å®Œæˆ: æ£€æµ‹åˆ° 1 ä¸ªæ¡å½¢ç , cost_time: 0.097s
2026-01-27 09:51:09 - root - INFO - Call /bar_detect
2026-01-27 09:51:09 - root - INFO - ä¿å­˜base64å›¾ç‰‡: ./data/uploads/34fc7ca9-94d5-4e17-9558-a72d7c670baf.jpg
2026-01-27 09:51:09 - root - INFO - å¼€å§‹æ£€æµ‹æ¡å½¢ç : ./data/uploads/34fc7ca9-94d5-4e17-9558-a72d7c670baf.jpg
2026-01-27 09:51:09 - root - INFO - æ¸…ç†ä¸´æ—¶æ–‡ä»¶æˆåŠŸ
2026-01-27 09:51:09 - root - INFO - æ£€æµ‹å®Œæˆ: æ£€æµ‹åˆ° 1 ä¸ªæ¡å½¢ç , cost_time: 0.047s
2026-01-27 09:56:02 - root - INFO - Call /bar_detect
2026-01-27 09:56:02 - root - INFO - ä¿å­˜base64å›¾ç‰‡: ./data/uploads/5ede577b-65e0-45f1-ae1d-99224a998310.jpg
2026-01-27 09:56:02 - root - INFO - å¼€å§‹æ£€æµ‹æ¡å½¢ç : ./data/uploads/5ede577b-65e0-45f1-ae1d-99224a998310.jpg
2026-01-27 09:56:02 - root - INFO - æ¸…ç†ä¸´æ—¶æ–‡ä»¶æˆåŠŸ
2026-01-27 09:56:02 - root - INFO - æ£€æµ‹å®Œæˆ: æ£€æµ‹åˆ° 1 ä¸ªæ¡å½¢ç , cost_time: 0.034s
2026-01-27 09:57:05 - root - INFO - Call /bar_detect
2026-01-27 09:57:05 - root - INFO - ä¿å­˜base64å›¾ç‰‡: ./data/uploads/ae36f725-5bb9-4ff0-ad21-b95a542c160d.jpg
2026-01-27 09:57:05 - root - INFO - å¼€å§‹æ£€æµ‹æ¡å½¢ç : ./data/uploads/ae36f725-5bb9-4ff0-ad21-b95a542c160d.jpg
2026-01-27 09:57:05 - root - INFO - æ¸…ç†ä¸´æ—¶æ–‡ä»¶æˆåŠŸ
2026-01-27 09:57:05 - root - INFO - æ£€æµ‹å®Œæˆ: æ£€æµ‹åˆ° 1 ä¸ªæ¡å½¢ç , cost_time: 0.051s
2026-01-27 09:57:09 - root - INFO - Call /bar_detect
2026-01-27 09:57:09 - root - INFO - ä¿å­˜base64å›¾ç‰‡: ./data/uploads/1cd212fe-1e92-42e3-bf50-0af5d43b4dd0.jpg
2026-01-27 09:57:09 - root - INFO - å¼€å§‹æ£€æµ‹æ¡å½¢ç : ./data/uploads/1cd212fe-1e92-42e3-bf50-0af5d43b4dd0.jpg
2026-01-27 09:57:09 - root - INFO - æ¸…ç†ä¸´æ—¶æ–‡ä»¶æˆåŠŸ
2026-01-27 09:57:09 - root - INFO - æ£€æµ‹å®Œæˆ: æ£€æµ‹åˆ° 1 ä¸ªæ¡å½¢ç , cost_time: 0.053s
2026-01-27 10:07:22 - root - INFO - * Starting web service...
2026-01-27 10:07:22 - waitress - INFO - Serving on http://0.0.0.0:5002
2026-01-27 10:07:33 - root - INFO - Call /bar_detect
2026-01-27 10:07:33 - root - INFO - ä¿å­˜base64å›¾ç‰‡: ./data/uploads/eb4fc250-04d2-43dd-8459-b6e8d8ceb189.jpg
2026-01-27 10:07:33 - root - INFO - å¼€å§‹æ£€æµ‹æ¡å½¢ç : ./data/uploads/eb4fc250-04d2-43dd-8459-b6e8d8ceb189.jpg
2026-01-27 10:07:33 - root - INFO - æ¸…ç†ä¸´æ—¶æ–‡ä»¶æˆåŠŸ
2026-01-27 10:07:33 - root - INFO - æ£€æµ‹å®Œæˆ: æ£€æµ‹åˆ° 1 ä¸ªæ¡å½¢ç , cost_time: 0.346s
2026-01-27 10:07:33 - root - INFO - Call /bar_detect
2026-01-27 10:07:33 - root - INFO - ä¿å­˜base64å›¾ç‰‡: ./data/uploads/eda404ce-69c6-4b1a-b58c-f01307f79aa1.jpg
2026-01-27 10:07:33 - root - INFO - å¼€å§‹æ£€æµ‹æ¡å½¢ç : ./data/uploads/eda404ce-69c6-4b1a-b58c-f01307f79aa1.jpg
2026-01-27 10:07:33 - root - INFO - æ¸…ç†ä¸´æ—¶æ–‡ä»¶æˆåŠŸ
2026-01-27 10:07:33 - root - INFO - æ£€æµ‹å®Œæˆ: æ£€æµ‹åˆ° 1 ä¸ªæ¡å½¢ç , cost_time: 0.12s
2026-01-27 10:07:33 - root - INFO - Call /bar_detect
2026-01-27 10:07:33 - root - INFO - ä¿å­˜base64å›¾ç‰‡: ./data/uploads/6ed5ec48-4b09-414b-a8fa-2e8a9195dca3.jpg
2026-01-27 10:07:33 - root - INFO - å¼€å§‹æ£€æµ‹æ¡å½¢ç : ./data/uploads/6ed5ec48-4b09-414b-a8fa-2e8a9195dca3.jpg
2026-01-27 10:07:33 - root - INFO - æ¸…ç†ä¸´æ—¶æ–‡ä»¶æˆåŠŸ
2026-01-27 10:07:33 - root - INFO - æ£€æµ‹å®Œæˆ: æ£€æµ‹åˆ° 1 ä¸ªæ¡å½¢ç , cost_time: 0.044s
2026-01-27 10:08:07 - root - INFO - Call /face_compare
2026-01-27 10:08:07 - root - INFO - ä¿å­˜base64å›¾ç‰‡: ./data/uploads/083d59c4-2858-47c6-9061-e2c7ea784b73.jpg, ./data/uploads/3bdce2af-e747-4ebb-8a6b-bfa66e0efced.jpg
2026-01-27 10:08:07 - root - INFO - å¼€å§‹æ¯”å¯¹äººè„¸: ./data/uploads/083d59c4-2858-47c6-9061-e2c7ea784b73.jpg vs ./data/uploads/3bdce2af-e747-4ebb-8a6b-bfa66e0efced.jpg
2026-01-27 10:08:07 - root - INFO - æ¸…ç†ä¸´æ—¶æ–‡ä»¶æˆåŠŸ
2026-01-27 10:08:07 - root - INFO - æ¯”å¯¹å®Œæˆ: distance=0.9116392731666565, is_same_person=True
2026-01-27 10:08:07 - root - INFO - cost_time: 0.651s
2026-01-27 03:25:26 - root - INFO - * Starting web service...
2026-01-27 03:25:26 - waitress - INFO - Serving on http://0.0.0.0:5002
2026-01-27 03:25:51 - root - INFO - Call /face_compare
2026-01-27 03:25:51 - root - INFO - ä¿å­˜base64å›¾ç‰‡: ./data/uploads/cef99fab-9257-46f0-a180-9ad1c6e2dc56.jpg, ./data/uploads/2b3e63e0-6db5-46a6-97d2-425deac47ab8.jpg
2026-01-27 03:25:51 - root - INFO - å¼€å§‹æ¯”å¯¹äººè„¸: ./data/uploads/cef99fab-9257-46f0-a180-9ad1c6e2dc56.jpg vs ./data/uploads/2b3e63e0-6db5-46a6-97d2-425deac47ab8.jpg
2026-01-27 03:26:12 - root - INFO - æ¸…ç†ä¸´æ—¶æ–‡ä»¶æˆåŠŸ
2026-01-27 03:26:12 - root - INFO - æ¯”å¯¹å®Œæˆ: distance=0.9115234613418579, is_same_person=True
2026-01-27 03:26:12 - root - INFO - cost_time: 20.525s
2026-01-27 03:26:22 - root - INFO - Call /face_compare
2026-01-27 03:26:22 - root - INFO - ä¿å­˜base64å›¾ç‰‡: ./data/uploads/01bb3c71-9ea0-42d3-9700-f75612fb76aa.jpg, ./data/uploads/c77b6e67-457d-476c-a7db-32176558aa0c.jpg
2026-01-27 03:26:22 - root - INFO - å¼€å§‹æ¯”å¯¹äººè„¸: ./data/uploads/01bb3c71-9ea0-42d3-9700-f75612fb76aa.jpg vs ./data/uploads/c77b6e67-457d-476c-a7db-32176558aa0c.jpg
2026-01-27 03:26:22 - root - INFO - æ¸…ç†ä¸´æ—¶æ–‡ä»¶æˆåŠŸ
2026-01-27 03:26:22 - root - INFO - æ¯”å¯¹å®Œæˆ: distance=0.9115234613418579, is_same_person=True
2026-01-27 03:26:22 - root - INFO - cost_time: 0.155s
2026-01-27 03:26:27 - root - INFO - Call /face_compare
2026-01-27 03:26:27 - root - INFO - ä¿å­˜base64å›¾ç‰‡: ./data/uploads/89201d60-f6c2-400c-adb1-fce1ad5178c6.jpg, ./data/uploads/20d9ae4c-c317-4007-bf01-7298a3f9d792.jpg
2026-01-27 03:26:27 - root - INFO - å¼€å§‹æ¯”å¯¹äººè„¸: ./data/uploads/89201d60-f6c2-400c-adb1-fce1ad5178c6.jpg vs ./data/uploads/20d9ae4c-c317-4007-bf01-7298a3f9d792.jpg
2026-01-27 03:26:28 - root - INFO - æ¸…ç†ä¸´æ—¶æ–‡ä»¶æˆåŠŸ
2026-01-27 03:26:28 - root - INFO - æ¯”å¯¹å®Œæˆ: distance=0.9115234613418579, is_same_person=True
2026-01-27 03:26:28 - root - INFO - cost_time: 0.154s
2026-01-27 03:26:46 - root - INFO - Call /bar_detect
2026-01-27 03:26:46 - root - INFO - ä¿å­˜base64å›¾ç‰‡: ./data/uploads/eea98c51-165b-473b-a2e2-f78666b35213.jpg
2026-01-27 03:26:46 - root - INFO - å¼€å§‹æ£€æµ‹æ¡å½¢ç : ./data/uploads/eea98c51-165b-473b-a2e2-f78666b35213.jpg
2026-01-27 03:26:47 - root - INFO - æ¸…ç†ä¸´æ—¶æ–‡ä»¶æˆåŠŸ
2026-01-27 03:26:47 - root - INFO - æ£€æµ‹å®Œæˆ: æ£€æµ‹åˆ° 1 ä¸ªæ¡å½¢ç , cost_time: 0.536s
2026-01-27 03:26:47 - root - INFO - Call /bar_detect
2026-01-27 03:26:47 - root - INFO - ä¿å­˜base64å›¾ç‰‡: ./data/uploads/dc27a1c5-751b-426a-9dd2-84eb8971bd79.jpg
2026-01-27 03:26:47 - root - INFO - å¼€å§‹æ£€æµ‹æ¡å½¢ç : ./data/uploads/dc27a1c5-751b-426a-9dd2-84eb8971bd79.jpg
2026-01-27 03:26:47 - root - INFO - æ¸…ç†ä¸´æ—¶æ–‡ä»¶æˆåŠŸ
2026-01-27 03:26:47 - root - INFO - æ£€æµ‹å®Œæˆ: æ£€æµ‹åˆ° 1 ä¸ªæ¡å½¢ç , cost_time: 0.239s
2026-01-27 03:26:47 - root - INFO - Call /bar_detect
2026-01-27 03:26:47 - root - INFO - ä¿å­˜base64å›¾ç‰‡: ./data/uploads/84908b1c-c29a-4ad2-8087-efbd173989a6.jpg
2026-01-27 03:26:47 - root - INFO - å¼€å§‹æ£€æµ‹æ¡å½¢ç : ./data/uploads/84908b1c-c29a-4ad2-8087-efbd173989a6.jpg
2026-01-27 03:26:47 - root - INFO - æ¸…ç†ä¸´æ—¶æ–‡ä»¶æˆåŠŸ
2026-01-27 03:26:47 - root - INFO - æ£€æµ‹å®Œæˆ: æ£€æµ‹åˆ° 1 ä¸ªæ¡å½¢ç , cost_time: 0.202s
2026-01-27 03:33:13 - root - INFO - * Starting web service...
2026-01-27 03:33:13 - waitress - INFO - Serving on http://0.0.0.0:5002
2026-01-27 03:33:19 - root - INFO - Call /bar_detect
2026-01-27 03:33:19 - root - INFO - ä¿å­˜base64å›¾ç‰‡: ./data/uploads/ec08dd7c-8925-468d-a764-adf77cf0f59a.jpg
2026-01-27 03:33:19 - root - INFO - å¼€å§‹æ£€æµ‹æ¡å½¢ç : ./data/uploads/ec08dd7c-8925-468d-a764-adf77cf0f59a.jpg
2026-01-27 03:33:20 - root - INFO - æ¸…ç†ä¸´æ—¶æ–‡ä»¶æˆåŠŸ
2026-01-27 03:33:20 - root - INFO - æ£€æµ‹å®Œæˆ: æ£€æµ‹åˆ° 1 ä¸ªæ¡å½¢ç , cost_time: 0.344s
2026-01-27 03:33:20 - root - INFO - Call /bar_detect
2026-01-27 03:33:20 - root - INFO - ä¿å­˜base64å›¾ç‰‡: ./data/uploads/9b14f8c3-0786-438b-bc4a-6ebe83a2f3c6.jpg
2026-01-27 03:33:20 - root - INFO - å¼€å§‹æ£€æµ‹æ¡å½¢ç : ./data/uploads/9b14f8c3-0786-438b-bc4a-6ebe83a2f3c6.jpg
2026-01-27 03:33:20 - root - INFO - æ¸…ç†ä¸´æ—¶æ–‡ä»¶æˆåŠŸ
2026-01-27 03:33:20 - root - INFO - æ£€æµ‹å®Œæˆ: æ£€æµ‹åˆ° 1 ä¸ªæ¡å½¢ç , cost_time: 0.369s
2026-01-27 03:33:20 - root - INFO - Call /bar_detect
2026-01-27 03:33:20 - root - INFO - ä¿å­˜base64å›¾ç‰‡: ./data/uploads/9a939980-f69c-4f15-8da3-265fa86cfff4.jpg
2026-01-27 03:33:20 - root - INFO - å¼€å§‹æ£€æµ‹æ¡å½¢ç : ./data/uploads/9a939980-f69c-4f15-8da3-265fa86cfff4.jpg
2026-01-27 03:33:20 - root - INFO - æ¸…ç†ä¸´æ—¶æ–‡ä»¶æˆåŠŸ
2026-01-27 03:33:20 - root - INFO - æ£€æµ‹å®Œæˆ: æ£€æµ‹åˆ° 1 ä¸ªæ¡å½¢ç , cost_time: 0.362s
2026-01-27 03:33:46 - root - INFO - Call /face_compare
2026-01-27 03:33:46 - root - INFO - ä¿å­˜base64å›¾ç‰‡: ./data/uploads/3900ffb1-3cc2-4f0f-8d9a-ff613227c44b.jpg, ./data/uploads/89caf7e9-3690-4923-a30e-3e0e5df764bb.jpg
2026-01-27 03:33:46 - root - INFO - å¼€å§‹æ¯”å¯¹äººè„¸: ./data/uploads/3900ffb1-3cc2-4f0f-8d9a-ff613227c44b.jpg vs ./data/uploads/89caf7e9-3690-4923-a30e-3e0e5df764bb.jpg
2026-01-27 03:34:01 - root - INFO - æ¸…ç†ä¸´æ—¶æ–‡ä»¶æˆåŠŸ
2026-01-27 03:34:01 - root - INFO - æ¯”å¯¹å®Œæˆ: distance=0.9116007089614868, is_same_person=True
2026-01-27 03:34:01 - root - INFO - cost_time: 14.538s
2026-01-27 03:46:20 - root - INFO - * Starting web service...
2026-01-27 03:46:20 - waitress - INFO - Serving on http://0.0.0.0:5002
2026-01-27 03:46:28 - root - INFO - Call /bar_detect
2026-01-27 03:46:28 - root - INFO - ä¿å­˜base64å›¾ç‰‡: ./data/uploads/55ebc987-1148-42bc-810b-88f3503c5942.jpg
2026-01-27 03:46:28 - root - INFO - å¼€å§‹æ£€æµ‹æ¡å½¢ç : ./data/uploads/55ebc987-1148-42bc-810b-88f3503c5942.jpg
2026-01-27 03:46:28 - root - INFO - æ¸…ç†ä¸´æ—¶æ–‡ä»¶æˆåŠŸ
2026-01-27 03:46:28 - root - INFO - æ£€æµ‹å®Œæˆ: æ£€æµ‹åˆ° 1 ä¸ªæ¡å½¢ç , cost_time: 0.47s
2026-01-27 03:46:28 - root - INFO - Call /bar_detect
2026-01-27 03:46:28 - root - INFO - ä¿å­˜base64å›¾ç‰‡: ./data/uploads/cd49b579-9a43-42e0-87f3-06e42322040e.jpg
2026-01-27 03:46:28 - root - INFO - å¼€å§‹æ£€æµ‹æ¡å½¢ç : ./data/uploads/cd49b579-9a43-42e0-87f3-06e42322040e.jpg
2026-01-27 03:46:29 - root - INFO - æ¸…ç†ä¸´æ—¶æ–‡ä»¶æˆåŠŸ
2026-01-27 03:46:29 - root - INFO - æ£€æµ‹å®Œæˆ: æ£€æµ‹åˆ° 1 ä¸ªæ¡å½¢ç , cost_time: 0.407s
2026-01-27 03:46:29 - root - INFO - Call /bar_detect
2026-01-27 03:46:29 - root - INFO - ä¿å­˜base64å›¾ç‰‡: ./data/uploads/785b43a9-314d-4613-babf-bd415344ef53.jpg
2026-01-27 03:46:29 - root - INFO - å¼€å§‹æ£€æµ‹æ¡å½¢ç : ./data/uploads/785b43a9-314d-4613-babf-bd415344ef53.jpg
2026-01-27 03:46:29 - root - INFO - æ¸…ç†ä¸´æ—¶æ–‡ä»¶æˆåŠŸ
2026-01-27 03:46:29 - root - INFO - æ£€æµ‹å®Œæˆ: æ£€æµ‹åˆ° 1 ä¸ªæ¡å½¢ç , cost_time: 0.401s
2026-01-27 03:46:36 - root - INFO - Call /bar_detect
2026-01-27 03:46:36 - root - INFO - ä¿å­˜base64å›¾ç‰‡: ./data/uploads/9bf872e9-fd1d-4169-ac44-f2ecbe442776.jpg
2026-01-27 03:46:36 - root - INFO - å¼€å§‹æ£€æµ‹æ¡å½¢ç : ./data/uploads/9bf872e9-fd1d-4169-ac44-f2ecbe442776.jpg
2026-01-27 03:46:36 - root - INFO - æ¸…ç†ä¸´æ—¶æ–‡ä»¶æˆåŠŸ
2026-01-27 03:46:36 - root - INFO - æ£€æµ‹å®Œæˆ: æ£€æµ‹åˆ° 1 ä¸ªæ¡å½¢ç , cost_time: 0.443s
2026-01-27 03:46:36 - root - INFO - Call /bar_detect
2026-01-27 03:46:36 - root - INFO - ä¿å­˜base64å›¾ç‰‡: ./data/uploads/0aa5f80b-18f1-4110-8b7b-f104e1990459.jpg
2026-01-27 03:46:36 - root - INFO - å¼€å§‹æ£€æµ‹æ¡å½¢ç : ./data/uploads/0aa5f80b-18f1-4110-8b7b-f104e1990459.jpg
2026-01-27 03:46:37 - root - INFO - æ¸…ç†ä¸´æ—¶æ–‡ä»¶æˆåŠŸ
2026-01-27 03:46:37 - root - INFO - æ£€æµ‹å®Œæˆ: æ£€æµ‹åˆ° 1 ä¸ªæ¡å½¢ç , cost_time: 0.416s
2026-01-27 03:46:37 - root - INFO - Call /bar_detect
2026-01-27 03:46:37 - root - INFO - ä¿å­˜base64å›¾ç‰‡: ./data/uploads/8d813277-58e7-4a19-afc1-341f9dd9eab1.jpg
2026-01-27 03:46:37 - root - INFO - å¼€å§‹æ£€æµ‹æ¡å½¢ç : ./data/uploads/8d813277-58e7-4a19-afc1-341f9dd9eab1.jpg
2026-01-27 03:46:37 - root - INFO - æ¸…ç†ä¸´æ—¶æ–‡ä»¶æˆåŠŸ
2026-01-27 03:46:37 - root - INFO - æ£€æµ‹å®Œæˆ: æ£€æµ‹åˆ° 1 ä¸ªæ¡å½¢ç , cost_time: 0.481s
2026-01-27 03:46:47 - root - INFO - Call /bar_detect
2026-01-27 03:46:47 - root - INFO - ä¿å­˜base64å›¾ç‰‡: ./data/uploads/0ece936e-6cba-4fd1-bc50-1cbe3497e273.jpg
2026-01-27 03:46:47 - root - INFO - å¼€å§‹æ£€æµ‹æ¡å½¢ç : ./data/uploads/0ece936e-6cba-4fd1-bc50-1cbe3497e273.jpg
2026-01-27 03:46:47 - root - INFO - æ¸…ç†ä¸´æ—¶æ–‡ä»¶æˆåŠŸ
2026-01-27 03:46:47 - root - INFO - æ£€æµ‹å®Œæˆ: æ£€æµ‹åˆ° 1 ä¸ªæ¡å½¢ç , cost_time: 0.381s
2026-01-27 03:46:47 - root - INFO - Call /bar_detect
2026-01-27 03:46:47 - root - INFO - ä¿å­˜base64å›¾ç‰‡: ./data/uploads/a196fd98-dd72-460d-b9aa-f4d098df5565.jpg
2026-01-27 03:46:47 - root - INFO - å¼€å§‹æ£€æµ‹æ¡å½¢ç : ./data/uploads/a196fd98-dd72-460d-b9aa-f4d098df5565.jpg
2026-01-27 03:46:48 - root - INFO - æ¸…ç†ä¸´æ—¶æ–‡ä»¶æˆåŠŸ
2026-01-27 03:46:48 - root - INFO - æ£€æµ‹å®Œæˆ: æ£€æµ‹åˆ° 1 ä¸ªæ¡å½¢ç , cost_time: 0.441s
2026-01-27 03:46:48 - root - INFO - Call /bar_detect
2026-01-27 03:46:48 - root - INFO - ä¿å­˜base64å›¾ç‰‡: ./data/uploads/8d23f1c7-90d9-4f70-a2b4-a6a8f7222c97.jpg
2026-01-27 03:46:48 - root - INFO - å¼€å§‹æ£€æµ‹æ¡å½¢ç : ./data/uploads/8d23f1c7-90d9-4f70-a2b4-a6a8f7222c97.jpg
2026-01-27 03:46:48 - root - INFO - æ¸…ç†ä¸´æ—¶æ–‡ä»¶æˆåŠŸ
2026-01-27 03:46:48 - root - INFO - æ£€æµ‹å®Œæˆ: æ£€æµ‹åˆ° 1 ä¸ªæ¡å½¢ç , cost_time: 0.428s
2026-01-27 03:47:13 - root - INFO - Call /face_compare
2026-01-27 03:47:13 - root - INFO - ä¿å­˜base64å›¾ç‰‡: ./data/uploads/ab99e53e-294d-4392-bb8e-4c273838a2bb.jpg, ./data/uploads/d2ba9aa3-9474-4b9e-8d74-e335752e22a5.jpg
2026-01-27 03:47:13 - root - INFO - å¼€å§‹æ¯”å¯¹äººè„¸: ./data/uploads/ab99e53e-294d-4392-bb8e-4c273838a2bb.jpg vs ./data/uploads/d2ba9aa3-9474-4b9e-8d74-e335752e22a5.jpg
2026-01-27 03:47:25 - root - INFO - æ¸…ç†ä¸´æ—¶æ–‡ä»¶æˆåŠŸ
2026-01-27 03:47:25 - root - INFO - æ¯”å¯¹å®Œæˆ: distance=0.9116007089614868, is_same_person=True
2026-01-27 03:47:25 - root - INFO - cost_time: 11.98s
2026-01-27 03:47:37 - root - INFO - Call /face_compare
2026-01-27 03:47:37 - root - INFO - ä¿å­˜base64å›¾ç‰‡: ./data/uploads/66f60f68-7f89-4c65-af70-78e10b958968.jpg, ./data/uploads/5c9c21fe-caac-4817-b034-bbd604dae827.jpg
2026-01-27 03:47:37 - root - INFO - å¼€å§‹æ¯”å¯¹äººè„¸: ./data/uploads/66f60f68-7f89-4c65-af70-78e10b958968.jpg vs ./data/uploads/5c9c21fe-caac-4817-b034-bbd604dae827.jpg
2026-01-27 03:47:51 - root - INFO - æ¸…ç†ä¸´æ—¶æ–‡ä»¶æˆåŠŸ
2026-01-27 03:47:51 - root - INFO - æ¯”å¯¹å®Œæˆ: distance=0.9116007089614868, is_same_person=True
2026-01-27 03:47:51 - root - INFO - cost_time: 14.185s
2026-01-27 05:49:21 - root - INFO - * Starting web service...
2026-01-27 05:49:21 - waitress - INFO - Serving on http://0.0.0.0:5002
2026-01-27 05:49:29 - root - INFO - Call /bar_detect
2026-01-27 05:49:29 - root - INFO - ä¿å­˜base64å›¾ç‰‡: ./data/uploads/41d59d0b-4204-4a97-8a86-1e794852de56.jpg
2026-01-27 05:49:29 - root - INFO - å¼€å§‹æ£€æµ‹æ¡å½¢ç : ./data/uploads/41d59d0b-4204-4a97-8a86-1e794852de56.jpg
2026-01-27 05:49:30 - root - INFO - æ¸…ç†ä¸´æ—¶æ–‡ä»¶æˆåŠŸ
2026-01-27 05:49:30 - root - INFO - æ£€æµ‹å®Œæˆ: æ£€æµ‹åˆ° 1 ä¸ªæ¡å½¢ç , cost_time: 0.424s
2026-01-27 05:49:30 - root - INFO - Call /bar_detect
2026-01-27 05:49:30 - root - INFO - ä¿å­˜base64å›¾ç‰‡: ./data/uploads/d3842984-9359-494e-afc7-08765daf5669.jpg
2026-01-27 05:49:30 - root - INFO - å¼€å§‹æ£€æµ‹æ¡å½¢ç : ./data/uploads/d3842984-9359-494e-afc7-08765daf5669.jpg
2026-01-27 05:49:30 - root - INFO - æ¸…ç†ä¸´æ—¶æ–‡ä»¶æˆåŠŸ
2026-01-27 05:49:30 - root - INFO - æ£€æµ‹å®Œæˆ: æ£€æµ‹åˆ° 1 ä¸ªæ¡å½¢ç , cost_time: 0.425s
2026-01-27 05:49:30 - root - INFO - Call /bar_detect
2026-01-27 05:49:30 - root - INFO - ä¿å­˜base64å›¾ç‰‡: ./data/uploads/0a46ba1b-7766-431f-af4f-6b1ae3e1d09b.jpg
2026-01-27 05:49:30 - root - INFO - å¼€å§‹æ£€æµ‹æ¡å½¢ç : ./data/uploads/0a46ba1b-7766-431f-af4f-6b1ae3e1d09b.jpg
2026-01-27 05:49:30 - root - INFO - æ¸…ç†ä¸´æ—¶æ–‡ä»¶æˆåŠŸ
2026-01-27 05:49:30 - root - INFO - æ£€æµ‹å®Œæˆ: æ£€æµ‹åˆ° 1 ä¸ªæ¡å½¢ç , cost_time: 0.326s
2026-01-27 05:49:35 - root - INFO - Call /bar_detect
2026-01-27 05:49:35 - root - INFO - ä¿å­˜base64å›¾ç‰‡: ./data/uploads/ecc8f447-8570-4362-a0b2-67a7796daf1a.jpg
2026-01-27 05:49:35 - root - INFO - å¼€å§‹æ£€æµ‹æ¡å½¢ç : ./data/uploads/ecc8f447-8570-4362-a0b2-67a7796daf1a.jpg
2026-01-27 05:49:35 - root - INFO - æ¸…ç†ä¸´æ—¶æ–‡ä»¶æˆåŠŸ
2026-01-27 05:49:35 - root - INFO - æ£€æµ‹å®Œæˆ: æ£€æµ‹åˆ° 1 ä¸ªæ¡å½¢ç , cost_time: 0.2s
2026-01-27 05:49:35 - root - INFO - Call /bar_detect
2026-01-27 05:49:35 - root - INFO - ä¿å­˜base64å›¾ç‰‡: ./data/uploads/1bcf40ca-d083-41d6-a928-bbe0307ae3b1.jpg
2026-01-27 05:49:35 - root - INFO - å¼€å§‹æ£€æµ‹æ¡å½¢ç : ./data/uploads/1bcf40ca-d083-41d6-a928-bbe0307ae3b1.jpg
2026-01-27 05:49:35 - root - INFO - æ¸…ç†ä¸´æ—¶æ–‡ä»¶æˆåŠŸ
2026-01-27 05:49:35 - root - INFO - æ£€æµ‹å®Œæˆ: æ£€æµ‹åˆ° 1 ä¸ªæ¡å½¢ç , cost_time: 0.208s
2026-01-27 05:49:35 - root - INFO - Call /bar_detect
2026-01-27 05:49:35 - root - INFO - ä¿å­˜base64å›¾ç‰‡: ./data/uploads/a0171d3b-dbcc-4aa1-a344-d56e10443edd.jpg
2026-01-27 05:49:35 - root - INFO - å¼€å§‹æ£€æµ‹æ¡å½¢ç : ./data/uploads/a0171d3b-dbcc-4aa1-a344-d56e10443edd.jpg
2026-01-27 05:49:35 - root - INFO - æ¸…ç†ä¸´æ—¶æ–‡ä»¶æˆåŠŸ
2026-01-27 05:49:35 - root - INFO - æ£€æµ‹å®Œæˆ: æ£€æµ‹åˆ° 1 ä¸ªæ¡å½¢ç , cost_time: 0.208s
2026-01-27 05:49:43 - root - INFO - Call /bar_detect
2026-01-27 05:49:43 - root - INFO - ä¿å­˜base64å›¾ç‰‡: ./data/uploads/ba59066c-1c25-4e1b-bf4c-75e017bb1a43.jpg
2026-01-27 05:49:43 - root - INFO - å¼€å§‹æ£€æµ‹æ¡å½¢ç : ./data/uploads/ba59066c-1c25-4e1b-bf4c-75e017bb1a43.jpg
2026-01-27 05:49:44 - root - INFO - æ¸…ç†ä¸´æ—¶æ–‡ä»¶æˆåŠŸ
2026-01-27 05:49:44 - root - INFO - æ£€æµ‹å®Œæˆ: æ£€æµ‹åˆ° 1 ä¸ªæ¡å½¢ç , cost_time: 0.296s
2026-01-27 05:49:44 - root - INFO - Call /bar_detect
2026-01-27 05:49:44 - root - INFO - ä¿å­˜base64å›¾ç‰‡: ./data/uploads/a3b3e40c-63f1-4920-90e8-ce02beb0e398.jpg
2026-01-27 05:49:44 - root - INFO - å¼€å§‹æ£€æµ‹æ¡å½¢ç : ./data/uploads/a3b3e40c-63f1-4920-90e8-ce02beb0e398.jpg
2026-01-27 05:49:44 - root - INFO - æ¸…ç†ä¸´æ—¶æ–‡ä»¶æˆåŠŸ
2026-01-27 05:49:44 - root - INFO - æ£€æµ‹å®Œæˆ: æ£€æµ‹åˆ° 1 ä¸ªæ¡å½¢ç , cost_time: 0.264s
2026-01-27 05:49:44 - root - INFO - Call /bar_detect
2026-01-27 05:49:44 - root - INFO - ä¿å­˜base64å›¾ç‰‡: ./data/uploads/d3c85750-9ce4-4866-9400-40b8b217186f.jpg
2026-01-27 05:49:44 - root - INFO - å¼€å§‹æ£€æµ‹æ¡å½¢ç : ./data/uploads/d3c85750-9ce4-4866-9400-40b8b217186f.jpg
2026-01-27 05:49:44 - root - INFO - æ¸…ç†ä¸´æ—¶æ–‡ä»¶æˆåŠŸ
2026-01-27 05:49:44 - root - INFO - æ£€æµ‹å®Œæˆ: æ£€æµ‹åˆ° 1 ä¸ªæ¡å½¢ç , cost_time: 0.246s
2026-01-27 06:41:50 - root - INFO - * Starting web service...
2026-01-27 06:41:50 - waitress - INFO - Serving on http://0.0.0.0:5002
2026-01-27 06:42:06 - root - INFO - Call /bar_detect
2026-01-27 06:42:06 - root - INFO - ä¿å­˜base64å›¾ç‰‡: ./data/uploads/0f82acef-84d0-49c5-a89d-0ab56df17a55.jpg
2026-01-27 06:42:06 - root - INFO - å¼€å§‹æ£€æµ‹æ¡å½¢ç : ./data/uploads/0f82acef-84d0-49c5-a89d-0ab56df17a55.jpg
2026-01-27 06:42:06 - root - INFO - æ¸…ç†ä¸´æ—¶æ–‡ä»¶æˆåŠŸ
2026-01-27 06:42:06 - root - INFO - æ£€æµ‹å®Œæˆ: æ£€æµ‹åˆ° 1 ä¸ªæ¡å½¢ç , cost_time: 0.071s
2026-01-27 06:42:06 - root - INFO - Call /bar_detect
2026-01-27 06:42:06 - root - INFO - ä¿å­˜base64å›¾ç‰‡: ./data/uploads/b04a0c51-74a6-4c94-8170-3349d3ce7bfa.jpg
2026-01-27 06:42:06 - root - INFO - å¼€å§‹æ£€æµ‹æ¡å½¢ç : ./data/uploads/b04a0c51-74a6-4c94-8170-3349d3ce7bfa.jpg
2026-01-27 06:42:06 - root - INFO - æ¸…ç†ä¸´æ—¶æ–‡ä»¶æˆåŠŸ
2026-01-27 06:42:06 - root - INFO - æ£€æµ‹å®Œæˆ: æ£€æµ‹åˆ° 1 ä¸ªæ¡å½¢ç , cost_time: 0.064s
2026-01-27 06:42:06 - root - INFO - Call /bar_detect
2026-01-27 06:42:06 - root - INFO - ä¿å­˜base64å›¾ç‰‡: ./data/uploads/5c0c2b75-4391-4fa7-99c0-6f3ab1ad1816.jpg
2026-01-27 06:42:06 - root - INFO - å¼€å§‹æ£€æµ‹æ¡å½¢ç : ./data/uploads/5c0c2b75-4391-4fa7-99c0-6f3ab1ad1816.jpg
2026-01-27 06:42:06 - root - INFO - æ¸…ç†ä¸´æ—¶æ–‡ä»¶æˆåŠŸ
2026-01-27 06:42:06 - root - INFO - æ£€æµ‹å®Œæˆ: æ£€æµ‹åˆ° 1 ä¸ªæ¡å½¢ç , cost_time: 0.06s
2026-01-27 06:42:11 - root - INFO - Call /bar_detect
2026-01-27 06:42:11 - root - INFO - ä¿å­˜base64å›¾ç‰‡: ./data/uploads/d1b01612-3f59-439a-bf1d-f2728a5878f0.jpg
2026-01-27 06:42:11 - root - INFO - å¼€å§‹æ£€æµ‹æ¡å½¢ç : ./data/uploads/d1b01612-3f59-439a-bf1d-f2728a5878f0.jpg
2026-01-27 06:42:11 - root - INFO - æ¸…ç†ä¸´æ—¶æ–‡ä»¶æˆåŠŸ
2026-01-27 06:42:11 - root - INFO - æ£€æµ‹å®Œæˆ: æ£€æµ‹åˆ° 1 ä¸ªæ¡å½¢ç , cost_time: 0.058s
2026-01-27 06:42:11 - root - INFO - Call /bar_detect
2026-01-27 06:42:11 - root - INFO - ä¿å­˜base64å›¾ç‰‡: ./data/uploads/5bd4be8c-0841-4349-b716-f8a4bfd41836.jpg
2026-01-27 06:42:11 - root - INFO - å¼€å§‹æ£€æµ‹æ¡å½¢ç : ./data/uploads/5bd4be8c-0841-4349-b716-f8a4bfd41836.jpg
2026-01-27 06:42:11 - root - INFO - æ¸…ç†ä¸´æ—¶æ–‡ä»¶æˆåŠŸ
2026-01-27 06:42:11 - root - INFO - æ£€æµ‹å®Œæˆ: æ£€æµ‹åˆ° 1 ä¸ªæ¡å½¢ç , cost_time: 0.06s
2026-01-27 06:42:11 - root - INFO - Call /bar_detect
2026-01-27 06:42:11 - root - INFO - ä¿å­˜base64å›¾ç‰‡: ./data/uploads/832741d8-c54f-4706-b81b-61abf393e5e4.jpg
2026-01-27 06:42:11 - root - INFO - å¼€å§‹æ£€æµ‹æ¡å½¢ç : ./data/uploads/832741d8-c54f-4706-b81b-61abf393e5e4.jpg
2026-01-27 06:42:11 - root - INFO - æ¸…ç†ä¸´æ—¶æ–‡ä»¶æˆåŠŸ
2026-01-27 06:42:11 - root - INFO - æ£€æµ‹å®Œæˆ: æ£€æµ‹åˆ° 1 ä¸ªæ¡å½¢ç , cost_time: 0.059s
2026-01-28 10:43:55 - root - INFO - * Starting web service...
2026-01-28 10:44:14 - root - INFO - * Starting web service...
2026-01-28 10:44:14 - werkzeug - INFO - [31m[1mWARNING: This is a development server. Do not use it in a production deployment. Use a production WSGI server instead.[0m
 * Running on all addresses (0.0.0.0)
 * Running on http://127.0.0.1:5003
 * Running on http://172.18.27.228:5003
2026-01-28 10:44:14 - werkzeug - INFO - [33mPress CTRL+C to quit[0m
2026-01-28 10:44:14 - werkzeug - INFO -  * Restarting with stat
2026-01-28 10:44:20 - root - INFO - * Starting web service...
2026-01-28 10:44:20 - werkzeug - WARNING -  * Debugger is active!
2026-01-28 10:44:20 - werkzeug - INFO -  * Debugger PIN: 592-922-391
2026-01-28 10:44:29 - werkzeug - INFO -  * Detected change in '/data/cjl/ai-supervise-server/test_api.py', reloading
2026-01-28 10:48:16 - root - INFO - * Starting web service...
2026-01-28 10:48:16 - werkzeug - INFO - [31m[1mWARNING: This is a development server. Do not use it in a production deployment. Use a production WSGI server instead.[0m
 * Running on all addresses (0.0.0.0)
 * Running on http://127.0.0.1:5003
 * Running on http://172.18.27.228:5003
2026-01-28 10:48:16 - werkzeug - INFO - [33mPress CTRL+C to quit[0m
2026-01-28 10:48:16 - werkzeug - INFO -  * Restarting with stat
2026-01-28 10:48:21 - root - INFO - * Starting web service...
2026-01-28 10:48:21 - werkzeug - WARNING -  * Debugger is active!
2026-01-28 10:48:21 - werkzeug - INFO -  * Debugger PIN: 592-922-391
2026-01-28 10:48:46 - root - INFO - Call /bar_detect
2026-01-28 10:48:46 - root - INFO - ä¿å­˜base64å›¾ç‰‡: ./data/uploads/9d18bc0c-065d-41de-8842-26b7d8a55422.jpg
2026-01-28 10:48:46 - root - INFO - å¼€å§‹æ£€æµ‹æ¡å½¢ç : ./data/uploads/9d18bc0c-065d-41de-8842-26b7d8a55422.jpg
2026-01-28 10:48:46 - root - INFO - æ¸…ç†ä¸´æ—¶æ–‡ä»¶æˆåŠŸ
2026-01-28 10:48:46 - root - INFO - æ£€æµ‹å®Œæˆ: cost_time: 0.245s
2026-01-28 10:48:46 - werkzeug - INFO - 127.0.0.1 - - [28/Jan/2026 10:48:46] "POST /bar_detect HTTP/1.1" 200 -
2026-01-28 10:48:46 - root - INFO - Call /bar_detect
2026-01-28 10:48:46 - root - INFO - ä¿å­˜base64å›¾ç‰‡: ./data/uploads/0f45f82f-96ff-46cd-986f-8581955a395b.jpg
2026-01-28 10:48:46 - root - INFO - å¼€å§‹æ£€æµ‹æ¡å½¢ç : ./data/uploads/0f45f82f-96ff-46cd-986f-8581955a395b.jpg
2026-01-28 10:48:47 - root - INFO - æ¸…ç†ä¸´æ—¶æ–‡ä»¶æˆåŠŸ
2026-01-28 10:48:47 - root - INFO - æ£€æµ‹å®Œæˆ: cost_time: 0.225s
2026-01-28 10:48:47 - werkzeug - INFO - 127.0.0.1 - - [28/Jan/2026 10:48:47] "POST /bar_detect HTTP/1.1" 200 -
2026-01-28 10:48:47 - root - INFO - Call /bar_detect
2026-01-28 10:48:47 - root - INFO - ä¿å­˜base64å›¾ç‰‡: ./data/uploads/4559b1b5-8831-48b8-80b4-6685b77be161.jpg
2026-01-28 10:48:47 - root - INFO - å¼€å§‹æ£€æµ‹æ¡å½¢ç : ./data/uploads/4559b1b5-8831-48b8-80b4-6685b77be161.jpg
2026-01-28 10:48:47 - root - INFO - æ¸…ç†ä¸´æ—¶æ–‡ä»¶æˆåŠŸ
2026-01-28 10:48:47 - root - INFO - æ£€æµ‹å®Œæˆ: cost_time: 0.255s
2026-01-28 10:48:47 - werkzeug - INFO - 127.0.0.1 - - [28/Jan/2026 10:48:47] "POST /bar_detect HTTP/1.1" 200 -
2026-01-28 10:48:56 - werkzeug - INFO -  * Detected change in '/data/cjl/ai-supervise-server/test_api.py', reloading
2026-01-28 10:49:40 - werkzeug - INFO -  * Restarting with stat
2026-01-28 10:49:52 - root - INFO - * Starting web service...
2026-01-28 10:49:52 - werkzeug - INFO - [31m[1mWARNING: This is a development server. Do not use it in a production deployment. Use a production WSGI server instead.[0m
 * Running on all addresses (0.0.0.0)
 * Running on http://127.0.0.1:5003
 * Running on http://172.18.27.228:5003
2026-01-28 10:49:52 - werkzeug - INFO - [33mPress CTRL+C to quit[0m
2026-01-28 10:49:52 - werkzeug - INFO -  * Restarting with stat
2026-01-28 10:49:58 - root - INFO - * Starting web service...
2026-01-28 10:49:58 - werkzeug - WARNING -  * Debugger is active!
2026-01-28 10:49:58 - werkzeug - INFO -  * Debugger PIN: 592-922-391
2026-01-28 10:50:06 - root - INFO - Call /bar_decode
2026-01-28 10:50:06 - root - INFO - ä¿å­˜base64å›¾ç‰‡: ./data/uploads/e53d67a4-0d86-4f51-baca-1cff5a823466.jpg
2026-01-28 10:50:06 - root - INFO - å¼€å§‹è§£ç æ¡å½¢ç : ./data/uploads/e53d67a4-0d86-4f51-baca-1cff5a823466.jpg
2026-01-28 10:50:06 - root - ERROR - æœåŠ¡å™¨é”™è¯¯: 'Image' object has no attribute 'shape'
Traceback (most recent call last):
  File "/data/cjl/ai-supervise-server/run_server.py", line 309, in bc_process
    results = bar.barcode_decode(img_path)
  File "/data/cjl/ai-supervise-server/app/barcode_detect.py", line 174, in barcode_decode
    full_mask = np.zeros(original_img.shape[:2], dtype=np.uint8)
AttributeError: 'Image' object has no attribute 'shape'
2026-01-28 10:50:06 - root - INFO - cost_time: 0.196s
2026-01-28 10:50:06 - werkzeug - INFO - 127.0.0.1 - - [28/Jan/2026 10:50:06] "[35m[1mPOST /bar_decode HTTP/1.1[0m" 500 -
2026-01-28 10:57:14 - root - INFO - * Starting web service...
2026-01-28 10:57:14 - werkzeug - INFO - [31m[1mWARNING: This is a development server. Do not use it in a production deployment. Use a production WSGI server instead.[0m
 * Running on all addresses (0.0.0.0)
 * Running on http://127.0.0.1:5003
 * Running on http://172.18.27.228:5003
2026-01-28 10:57:14 - werkzeug - INFO - [33mPress CTRL+C to quit[0m
2026-01-28 10:57:14 - werkzeug - INFO -  * Restarting with stat
2026-01-28 10:57:19 - root - INFO - * Starting web service...
2026-01-28 10:57:19 - werkzeug - WARNING -  * Debugger is active!
2026-01-28 10:57:19 - werkzeug - INFO -  * Debugger PIN: 592-922-391
2026-01-28 10:57:21 - root - INFO - Call /bar_decode
2026-01-28 10:57:21 - root - INFO - ä¿å­˜base64å›¾ç‰‡: ./data/uploads/6208d857-f255-4857-a656-bdc91d8ed16a.jpg
2026-01-28 10:57:21 - root - INFO - å¼€å§‹è§£ç æ¡å½¢ç : ./data/uploads/6208d857-f255-4857-a656-bdc91d8ed16a.jpg
2026-01-28 10:57:21 - root - INFO - æ¸…ç†ä¸´æ—¶æ–‡ä»¶æˆåŠŸ
2026-01-28 10:57:21 - root - INFO - è§£ç å®Œæˆ: cost_time: 0.323s
2026-01-28 10:57:21 - werkzeug - INFO - 127.0.0.1 - - [28/Jan/2026 10:57:21] "POST /bar_decode HTTP/1.1" 200 -
2026-01-28 10:57:52 - root - INFO - Call /bar_decode
2026-01-28 10:57:52 - root - INFO - ä¿å­˜base64å›¾ç‰‡: ./data/uploads/17bcee70-0ace-486d-9d9f-23712c4807cb.jpg
2026-01-28 10:57:52 - root - INFO - å¼€å§‹è§£ç æ¡å½¢ç : ./data/uploads/17bcee70-0ace-486d-9d9f-23712c4807cb.jpg
2026-01-28 10:57:53 - root - INFO - æ¸…ç†ä¸´æ—¶æ–‡ä»¶æˆåŠŸ
2026-01-28 10:57:53 - root - INFO - è§£ç å®Œæˆ: cost_time: 0.24s
2026-01-28 10:57:53 - werkzeug - INFO - 127.0.0.1 - - [28/Jan/2026 10:57:53] "POST /bar_decode HTTP/1.1" 200 -
2026-01-28 11:00:42 - root - INFO - Call /bar_decode
2026-01-28 11:00:42 - root - INFO - ä¿å­˜base64å›¾ç‰‡: ./data/uploads/37572280-2873-4234-a2fc-9bde32ae780f.jpg
2026-01-28 11:00:42 - root - INFO - å¼€å§‹è§£ç æ¡å½¢ç : ./data/uploads/37572280-2873-4234-a2fc-9bde32ae780f.jpg
2026-01-28 11:00:42 - root - INFO - æ¸…ç†ä¸´æ—¶æ–‡ä»¶æˆåŠŸ
2026-01-28 11:00:42 - root - INFO - è§£ç å®Œæˆ: cost_time: 0.165s
2026-01-28 11:00:42 - werkzeug - INFO - 127.0.0.1 - - [28/Jan/2026 11:00:42] "POST /bar_decode HTTP/1.1" 200 -
2026-01-28 11:02:01 - root - INFO - Call /bar_decode
2026-01-28 11:02:01 - root - INFO - ä¿å­˜base64å›¾ç‰‡: ./data/uploads/da3906d7-5b70-42aa-9ddb-0c229bc74ff8.jpg
2026-01-28 11:02:01 - root - INFO - å¼€å§‹è§£ç æ¡å½¢ç : ./data/uploads/da3906d7-5b70-42aa-9ddb-0c229bc74ff8.jpg
2026-01-28 11:02:01 - root - INFO - æ¸…ç†ä¸´æ—¶æ–‡ä»¶æˆåŠŸ
2026-01-28 11:02:01 - root - INFO - è§£ç å®Œæˆ: cost_time: 0.194s
2026-01-28 11:02:01 - werkzeug - INFO - 127.0.0.1 - - [28/Jan/2026 11:02:01] "POST /bar_decode HTTP/1.1" 200 -
2026-01-28 11:02:14 - root - INFO - Call /bar_decode
2026-01-28 11:02:14 - root - INFO - ä¿å­˜base64å›¾ç‰‡: ./data/uploads/79323894-24b7-4802-a2d7-68a45cec1551.jpg
2026-01-28 11:02:14 - root - INFO - å¼€å§‹è§£ç æ¡å½¢ç : ./data/uploads/79323894-24b7-4802-a2d7-68a45cec1551.jpg
2026-01-28 11:02:14 - root - INFO - æ¸…ç†ä¸´æ—¶æ–‡ä»¶æˆåŠŸ
2026-01-28 11:02:14 - root - INFO - è§£ç å®Œæˆ: cost_time: 0.193s
2026-01-28 11:02:14 - werkzeug - INFO - 127.0.0.1 - - [28/Jan/2026 11:02:14] "POST /bar_decode HTTP/1.1" 200 -
2026-01-28 11:02:17 - root - INFO - Call /bar_decode
2026-01-28 11:02:17 - root - INFO - ä¿å­˜base64å›¾ç‰‡: ./data/uploads/8913e51b-99dc-427e-a09e-59eed0165bbd.jpg
2026-01-28 11:02:17 - root - INFO - å¼€å§‹è§£ç æ¡å½¢ç : ./data/uploads/8913e51b-99dc-427e-a09e-59eed0165bbd.jpg
2026-01-28 11:02:17 - root - INFO - æ¸…ç†ä¸´æ—¶æ–‡ä»¶æˆåŠŸ
2026-01-28 11:02:17 - root - INFO - è§£ç å®Œæˆ: cost_time: 0.185s
2026-01-28 11:02:17 - werkzeug - INFO - 127.0.0.1 - - [28/Jan/2026 11:02:17] "POST /bar_decode HTTP/1.1" 200 -
2026-01-28 11:06:37 - werkzeug - INFO -  * Detected change in '/data/cjl/ai-supervise-server/app/barcode_detect.py', reloading
2026-01-28 11:16:48 - werkzeug - INFO -  * Restarting with stat
2026-01-28 11:16:53 - root - INFO - * Starting web service...
2026-01-28 11:16:53 - werkzeug - WARNING -  * Debugger is active!
2026-01-28 11:16:53 - werkzeug - INFO -  * Debugger PIN: 592-922-391
2026-01-28 11:17:09 - root - INFO - * Starting web service...
2026-01-28 11:17:09 - werkzeug - INFO - [31m[1mWARNING: This is a development server. Do not use it in a production deployment. Use a production WSGI server instead.[0m
 * Running on all addresses (0.0.0.0)
 * Running on http://127.0.0.1:5003
 * Running on http://172.18.27.228:5003
2026-01-28 11:17:09 - werkzeug - INFO - [33mPress CTRL+C to quit[0m
2026-01-28 11:17:09 - werkzeug - INFO -  * Restarting with stat
2026-01-28 11:17:14 - root - INFO - * Starting web service...
2026-01-28 11:17:14 - werkzeug - WARNING -  * Debugger is active!
2026-01-28 11:17:14 - werkzeug - INFO -  * Debugger PIN: 592-922-391
2026-01-28 11:17:48 - root - INFO - Call /bar_decode
2026-01-28 11:17:48 - root - INFO - ä¿å­˜base64å›¾ç‰‡: ./data/uploads/50a7adaf-4543-4d18-a18e-222cf392353e.jpg
2026-01-28 11:17:48 - root - INFO - å¼€å§‹è§£ç æ¡å½¢ç : ./data/uploads/50a7adaf-4543-4d18-a18e-222cf392353e.jpg
2026-01-28 11:17:49 - root - INFO - æ¸…ç†ä¸´æ—¶æ–‡ä»¶æˆåŠŸ
2026-01-28 11:17:49 - root - INFO - è§£ç å®Œæˆ: cost_time: 0.251s
2026-01-28 11:17:49 - werkzeug - INFO - 127.0.0.1 - - [28/Jan/2026 11:17:49] "POST /bar_decode HTTP/1.1" 200 -
2026-01-28 11:17:52 - root - INFO - Call /bar_decode
2026-01-28 11:17:52 - root - INFO - ä¿å­˜base64å›¾ç‰‡: ./data/uploads/63d96b5a-01b8-4abe-bfaa-d6987f9ca150.jpg
2026-01-28 11:17:52 - root - INFO - å¼€å§‹è§£ç æ¡å½¢ç : ./data/uploads/63d96b5a-01b8-4abe-bfaa-d6987f9ca150.jpg
2026-01-28 11:17:52 - root - INFO - æ¸…ç†ä¸´æ—¶æ–‡ä»¶æˆåŠŸ
2026-01-28 11:17:52 - root - INFO - è§£ç å®Œæˆ: cost_time: 0.217s
2026-01-28 11:17:52 - werkzeug - INFO - 127.0.0.1 - - [28/Jan/2026 11:17:52] "POST /bar_decode HTTP/1.1" 200 -
2026-01-28 11:17:53 - root - INFO - Call /bar_decode
2026-01-28 11:17:53 - root - INFO - ä¿å­˜base64å›¾ç‰‡: ./data/uploads/a8cf78df-53d9-4591-9d4a-cc3442111adc.jpg
2026-01-28 11:17:53 - root - INFO - å¼€å§‹è§£ç æ¡å½¢ç : ./data/uploads/a8cf78df-53d9-4591-9d4a-cc3442111adc.jpg
2026-01-28 11:17:53 - root - INFO - æ¸…ç†ä¸´æ—¶æ–‡ä»¶æˆåŠŸ
2026-01-28 11:17:53 - root - INFO - è§£ç å®Œæˆ: cost_time: 0.166s
2026-01-28 11:17:53 - werkzeug - INFO - 127.0.0.1 - - [28/Jan/2026 11:17:53] "POST /bar_decode HTTP/1.1" 200 -
2026-01-28 11:21:18 - werkzeug - INFO -  * Detected change in '/data/cjl/ai-supervise-server/app/barcode_detect.py', reloading
2026-01-28 11:21:24 - werkzeug - INFO -  * Restarting with stat
2026-01-28 11:21:30 - root - INFO - * Starting web service...
2026-01-28 11:21:30 - werkzeug - WARNING -  * Debugger is active!
2026-01-28 11:21:30 - werkzeug - INFO -  * Debugger PIN: 592-922-391
2026-01-28 11:22:35 - root - INFO - * Starting web service...
2026-01-28 11:22:35 - werkzeug - INFO - [31m[1mWARNING: This is a development server. Do not use it in a production deployment. Use a production WSGI server instead.[0m
 * Running on all addresses (0.0.0.0)
 * Running on http://127.0.0.1:5003
 * Running on http://172.18.27.228:5003
2026-01-28 11:22:35 - werkzeug - INFO - [33mPress CTRL+C to quit[0m
2026-01-28 11:22:35 - werkzeug - INFO -  * Restarting with stat
2026-01-28 11:22:40 - root - INFO - * Starting web service...
2026-01-28 11:22:40 - werkzeug - WARNING -  * Debugger is active!
2026-01-28 11:22:40 - werkzeug - INFO -  * Debugger PIN: 592-922-391
2026-01-28 11:23:24 - root - INFO - Call /bar_decode
2026-01-28 11:23:24 - root - INFO - ä¿å­˜base64å›¾ç‰‡: ./data/uploads/78913a49-6021-4cfa-bdbb-083a5bf37bd9.jpg
2026-01-28 11:23:24 - root - INFO - å¼€å§‹è§£ç æ¡å½¢ç : ./data/uploads/78913a49-6021-4cfa-bdbb-083a5bf37bd9.jpg
2026-01-28 11:23:25 - root - INFO - æ¸…ç†ä¸´æ—¶æ–‡ä»¶æˆåŠŸ
2026-01-28 11:23:25 - root - INFO - è§£ç å®Œæˆ: cost_time: 0.632s
2026-01-28 11:23:25 - werkzeug - INFO - 127.0.0.1 - - [28/Jan/2026 11:23:25] "POST /bar_decode HTTP/1.1" 200 -
2026-01-28 11:23:28 - root - INFO - Call /bar_decode
2026-01-28 11:23:28 - root - INFO - ä¿å­˜base64å›¾ç‰‡: ./data/uploads/cd2d58d9-82fc-4d2f-8f99-d8b5b7640e1f.jpg
2026-01-28 11:23:28 - root - INFO - å¼€å§‹è§£ç æ¡å½¢ç : ./data/uploads/cd2d58d9-82fc-4d2f-8f99-d8b5b7640e1f.jpg
2026-01-28 11:23:28 - root - INFO - æ¸…ç†ä¸´æ—¶æ–‡ä»¶æˆåŠŸ
2026-01-28 11:23:28 - root - INFO - è§£ç å®Œæˆ: cost_time: 0.67s
2026-01-28 11:23:28 - werkzeug - INFO - 127.0.0.1 - - [28/Jan/2026 11:23:28] "POST /bar_decode HTTP/1.1" 200 -
2026-01-28 11:25:04 - root - INFO - Call /bar_decode
2026-01-28 11:25:04 - root - INFO - ä¿å­˜base64å›¾ç‰‡: ./data/uploads/fc807b29-8d6f-42a2-bc67-de9092dc9a17.jpg
2026-01-28 11:25:04 - root - INFO - å¼€å§‹è§£ç æ¡å½¢ç : ./data/uploads/fc807b29-8d6f-42a2-bc67-de9092dc9a17.jpg
2026-01-28 11:25:04 - root - INFO - æ¸…ç†ä¸´æ—¶æ–‡ä»¶æˆåŠŸ
2026-01-28 11:25:04 - root - INFO - è§£ç å®Œæˆ: cost_time: 0.215s
2026-01-28 11:25:04 - werkzeug - INFO - 127.0.0.1 - - [28/Jan/2026 11:25:04] "POST /bar_decode HTTP/1.1" 200 -
2026-01-28 11:42:20 - root - INFO - * Starting web service...
2026-01-28 11:42:21 - werkzeug - INFO - [31m[1mWARNING: This is a development server. Do not use it in a production deployment. Use a production WSGI server instead.[0m
 * Running on all addresses (0.0.0.0)
 * Running on http://127.0.0.1:5003
 * Running on http://172.18.27.228:5003
2026-01-28 11:42:21 - werkzeug - INFO - [33mPress CTRL+C to quit[0m
2026-01-28 11:42:21 - werkzeug - INFO -  * Restarting with stat
2026-01-28 11:42:26 - root - INFO - * Starting web service...
2026-01-28 11:42:26 - werkzeug - WARNING -  * Debugger is active!
2026-01-28 11:42:26 - werkzeug - INFO -  * Debugger PIN: 592-922-391
2026-01-28 11:42:27 - root - INFO - Call /bar_decode
2026-01-28 11:42:27 - root - INFO - ä¿å­˜base64å›¾ç‰‡: ./data/uploads/963cf3fa-f0f1-48fa-8624-2366e3fa4cb0.jpg
2026-01-28 11:42:27 - root - INFO - å¼€å§‹è§£ç æ¡å½¢ç : ./data/uploads/963cf3fa-f0f1-48fa-8624-2366e3fa4cb0.jpg
2026-01-28 11:42:27 - root - INFO - æ¸…ç†ä¸´æ—¶æ–‡ä»¶æˆåŠŸ
2026-01-28 11:42:27 - root - INFO - è§£ç å®Œæˆ: cost_time: 0.215s
2026-01-28 11:42:27 - werkzeug - INFO - 127.0.0.1 - - [28/Jan/2026 11:42:27] "POST /bar_decode HTTP/1.1" 200 -
2026-01-28 11:42:39 - root - INFO - Call /bar_decode
2026-01-28 11:42:39 - root - INFO - ä¿å­˜base64å›¾ç‰‡: ./data/uploads/19f34ca9-cf4f-4fc2-8e5a-08ce05ac2113.jpg
2026-01-28 11:42:39 - root - INFO - å¼€å§‹è§£ç æ¡å½¢ç : ./data/uploads/19f34ca9-cf4f-4fc2-8e5a-08ce05ac2113.jpg
2026-01-28 11:42:40 - root - INFO - æ¸…ç†ä¸´æ—¶æ–‡ä»¶æˆåŠŸ
2026-01-28 11:42:40 - root - INFO - è§£ç å®Œæˆ: cost_time: 0.231s
2026-01-28 11:42:40 - werkzeug - INFO - 127.0.0.1 - - [28/Jan/2026 11:42:40] "POST /bar_decode HTTP/1.1" 200 -
2026-01-28 11:42:43 - root - INFO - Call /bar_decode
2026-01-28 11:42:43 - root - INFO - ä¿å­˜base64å›¾ç‰‡: ./data/uploads/1f336729-1865-49ff-a905-68b61f75617b.jpg
2026-01-28 11:42:43 - root - INFO - å¼€å§‹è§£ç æ¡å½¢ç : ./data/uploads/1f336729-1865-49ff-a905-68b61f75617b.jpg
2026-01-28 11:42:43 - root - INFO - æ¸…ç†ä¸´æ—¶æ–‡ä»¶æˆåŠŸ
2026-01-28 11:42:43 - root - INFO - è§£ç å®Œæˆ: cost_time: 0.193s
2026-01-28 11:42:43 - werkzeug - INFO - 127.0.0.1 - - [28/Jan/2026 11:42:43] "POST /bar_decode HTTP/1.1" 200 -
2026-01-28 13:44:12 - root - INFO - * Starting web service...
2026-01-28 13:44:12 - werkzeug - INFO - [31m[1mWARNING: This is a development server. Do not use it in a production deployment. Use a production WSGI server instead.[0m
 * Running on all addresses (0.0.0.0)
 * Running on http://127.0.0.1:5003
 * Running on http://172.18.27.228:5003
2026-01-28 13:44:12 - werkzeug - INFO - [33mPress CTRL+C to quit[0m
2026-01-28 13:44:12 - werkzeug - INFO -  * Restarting with stat
2026-01-28 13:44:18 - root - INFO - * Starting web service...
2026-01-28 13:44:18 - werkzeug - WARNING -  * Debugger is active!
2026-01-28 13:44:18 - werkzeug - INFO -  * Debugger PIN: 592-922-391
2026-01-28 13:45:36 - werkzeug - INFO -  * Detected change in '/data/cjl/ai-supervise-server/test_api.py', reloading
2026-01-28 13:45:49 - werkzeug - INFO -  * Restarting with stat
2026-01-28 13:45:55 - root - INFO - * Starting web service...
2026-01-28 13:45:55 - werkzeug - WARNING -  * Debugger is active!
2026-01-28 13:45:55 - werkzeug - INFO -  * Debugger PIN: 592-922-391
2026-01-28 13:46:04 - root - INFO - Call /bar_decode
2026-01-28 13:46:04 - root - INFO - ä¿å­˜base64å›¾ç‰‡: ./data/uploads/14ca7bda-097b-4db8-a06f-15e7a852f741.jpg
2026-01-28 13:46:04 - root - INFO - å¼€å§‹è§£ç æ¡å½¢ç : ./data/uploads/14ca7bda-097b-4db8-a06f-15e7a852f741.jpg
2026-01-28 13:46:04 - root - INFO - æ¸…ç†ä¸´æ—¶æ–‡ä»¶æˆåŠŸ
2026-01-28 13:46:04 - root - INFO - è§£ç å®Œæˆ: cost_time: 0.296s
2026-01-28 13:46:04 - werkzeug - INFO - 127.0.0.1 - - [28/Jan/2026 13:46:04] "POST /bar_decode HTTP/1.1" 200 -
2026-01-28 13:46:46 - werkzeug - INFO -  * Detected change in '/data/cjl/ai-supervise-server/test_api.py', reloading
2026-01-28 13:48:29 - werkzeug - INFO -  * Restarting with stat
2026-01-28 13:48:35 - root - INFO - * Starting web service...
2026-01-28 13:48:35 - werkzeug - WARNING -  * Debugger is active!
2026-01-28 13:48:35 - werkzeug - INFO -  * Debugger PIN: 592-922-391
2026-01-28 13:48:35 - root - INFO - Call /bar_decode
2026-01-28 13:48:35 - root - INFO - ä¿å­˜base64å›¾ç‰‡: ./data/uploads/0fec345d-d920-45e2-8d36-0f3d2edb326d.jpg
2026-01-28 13:48:35 - root - INFO - å¼€å§‹è§£ç æ¡å½¢ç : ./data/uploads/0fec345d-d920-45e2-8d36-0f3d2edb326d.jpg
2026-01-28 13:48:35 - root - INFO - æ¸…ç†ä¸´æ—¶æ–‡ä»¶æˆåŠŸ
2026-01-28 13:48:35 - root - INFO - è§£ç å®Œæˆ: cost_time: 0.214s
2026-01-28 13:48:35 - werkzeug - INFO - 127.0.0.1 - - [28/Jan/2026 13:48:35] "POST /bar_decode HTTP/1.1" 200 -
2026-01-28 13:49:59 - root - INFO - * Starting web service...
2026-01-28 13:49:59 - werkzeug - INFO - [31m[1mWARNING: This is a development server. Do not use it in a production deployment. Use a production WSGI server instead.[0m
 * Running on all addresses (0.0.0.0)
 * Running on http://127.0.0.1:5003
 * Running on http://172.18.27.228:5003
2026-01-28 13:49:59 - werkzeug - INFO - [33mPress CTRL+C to quit[0m
2026-01-28 13:49:59 - werkzeug - INFO -  * Restarting with stat
2026-01-28 13:50:05 - root - INFO - * Starting web service...
2026-01-28 13:50:05 - werkzeug - WARNING -  * Debugger is active!
2026-01-28 13:50:05 - werkzeug - INFO -  * Debugger PIN: 592-922-391
2026-01-28 13:50:39 - root - INFO - Call /bar_decode
2026-01-28 13:50:39 - root - INFO - ä¿å­˜base64å›¾ç‰‡: ./data/uploads/b4a49ae3-5732-4c2d-96d7-d7a490075329.jpg
2026-01-28 13:50:39 - root - INFO - å¼€å§‹è§£ç æ¡å½¢ç : ./data/uploads/b4a49ae3-5732-4c2d-96d7-d7a490075329.jpg
2026-01-28 13:50:39 - root - INFO - æ¸…ç†ä¸´æ—¶æ–‡ä»¶æˆåŠŸ
2026-01-28 13:50:39 - root - INFO - è§£ç å®Œæˆ: cost_time: 0.221s
2026-01-28 13:50:39 - werkzeug - INFO - 127.0.0.1 - - [28/Jan/2026 13:50:39] "POST /bar_decode HTTP/1.1" 200 -
2026-01-28 15:45:11 - root - INFO - * Starting web service...
2026-01-28 15:45:11 - werkzeug - INFO - [31m[1mWARNING: This is a development server. Do not use it in a production deployment. Use a production WSGI server instead.[0m
 * Running on all addresses (0.0.0.0)
 * Running on http://127.0.0.1:5003
 * Running on http://172.18.27.228:5003
2026-01-28 15:45:11 - werkzeug - INFO - [33mPress CTRL+C to quit[0m
2026-01-28 15:45:11 - werkzeug - INFO -  * Restarting with stat
2026-01-28 15:45:16 - root - INFO - * Starting web service...
2026-01-28 15:45:16 - werkzeug - WARNING -  * Debugger is active!
2026-01-28 15:45:16 - werkzeug - INFO -  * Debugger PIN: 592-922-391
2026-01-28 15:45:25 - root - INFO - Call /bar_decode
2026-01-28 15:45:25 - root - INFO - ä¿å­˜base64å›¾ç‰‡: ./data/uploads/8df73290-0890-422f-96f4-1da4ea93064b.jpg
2026-01-28 15:45:25 - root - INFO - å¼€å§‹è§£ç æ¡å½¢ç : ./data/uploads/8df73290-0890-422f-96f4-1da4ea93064b.jpg
2026-01-28 15:48:53 - root - INFO - æ¸…ç†ä¸´æ—¶æ–‡ä»¶æˆåŠŸ
2026-01-28 15:48:53 - root - INFO - è§£ç å®Œæˆ: cost_time: 207.996s
2026-01-28 15:48:53 - werkzeug - INFO - 127.0.0.1 - - [28/Jan/2026 15:48:53] "POST /bar_decode HTTP/1.1" 200 -
2026-01-28 16:11:15 - root - INFO - * Starting web service...
2026-01-28 16:11:15 - werkzeug - INFO - [31m[1mWARNING: This is a development server. Do not use it in a production deployment. Use a production WSGI server instead.[0m
 * Running on all addresses (0.0.0.0)
 * Running on http://127.0.0.1:5003
 * Running on http://172.18.27.228:5003
2026-01-28 16:11:15 - werkzeug - INFO - [33mPress CTRL+C to quit[0m
2026-01-28 16:11:15 - werkzeug - INFO -  * Restarting with stat
2026-01-28 16:11:21 - root - INFO - * Starting web service...
2026-01-28 16:11:21 - werkzeug - WARNING -  * Debugger is active!
2026-01-28 16:11:21 - werkzeug - INFO -  * Debugger PIN: 592-922-391
2026-01-28 16:11:43 - root - INFO - Call /bar_decode
2026-01-28 16:11:43 - root - INFO - ä¿å­˜base64å›¾ç‰‡: ./data/uploads/1e0c67d9-4b10-4031-9690-8e6dda19a261.jpg
2026-01-28 16:11:43 - root - INFO - å¼€å§‹è§£ç æ¡å½¢ç : ./data/uploads/1e0c67d9-4b10-4031-9690-8e6dda19a261.jpg
2026-01-28 16:11:44 - root - INFO - æ¸…ç†ä¸´æ—¶æ–‡ä»¶æˆåŠŸ
2026-01-28 16:11:44 - root - INFO - è§£ç å®Œæˆ: cost_time: 0.291s
2026-01-28 16:11:44 - werkzeug - INFO - 127.0.0.1 - - [28/Jan/2026 16:11:44] "POST /bar_decode HTTP/1.1" 200 -
2026-01-28 17:02:34 - root - INFO - * Starting web service...
2026-01-28 17:02:34 - waitress - INFO - Serving on http://0.0.0.0:5002
2026-01-28 17:03:27 - root - INFO - Call /bar_decode
2026-01-28 17:03:27 - root - INFO - ä¿å­˜base64å›¾ç‰‡: ./data/uploads/75139b3a-8ea3-4f35-babc-35369e85e841.jpg
2026-01-28 17:03:27 - root - INFO - å¼€å§‹è§£ç æ¡å½¢ç : ./data/uploads/75139b3a-8ea3-4f35-babc-35369e85e841.jpg
2026-01-28 17:03:27 - root - INFO - æ¸…ç†ä¸´æ—¶æ–‡ä»¶æˆåŠŸ
2026-01-28 17:03:27 - root - INFO - è§£ç å®Œæˆ: cost_time: 0.414s
2026-01-28 17:04:20 - root - INFO - Call /bar_decode
2026-01-28 17:04:20 - root - INFO - ä¿å­˜base64å›¾ç‰‡: ./data/uploads/3ec996db-cff7-4d66-b170-53da9d4723ba.jpg
2026-01-28 17:04:20 - root - INFO - å¼€å§‹è§£ç æ¡å½¢ç : ./data/uploads/3ec996db-cff7-4d66-b170-53da9d4723ba.jpg
2026-01-28 17:04:20 - root - INFO - æ¸…ç†ä¸´æ—¶æ–‡ä»¶æˆåŠŸ
2026-01-28 17:04:20 - root - INFO - è§£ç å®Œæˆ: cost_time: 0.089s
2026-01-28 17:04:46 - root - INFO - Call /bar_decode
2026-01-28 17:04:46 - root - INFO - ä¿å­˜base64å›¾ç‰‡: ./data/uploads/89f1d1ae-b1e5-4646-ad6b-38015500cb44.jpg
2026-01-28 17:04:46 - root - INFO - å¼€å§‹è§£ç æ¡å½¢ç : ./data/uploads/89f1d1ae-b1e5-4646-ad6b-38015500cb44.jpg
2026-01-28 17:04:47 - root - INFO - æ¸…ç†ä¸´æ—¶æ–‡ä»¶æˆåŠŸ
2026-01-28 17:04:47 - root - INFO - è§£ç å®Œæˆ: cost_time: 0.049s
2026-01-28 17:04:47 - root - INFO - Call /bar_decode
2026-01-28 17:04:47 - root - INFO - ä¿å­˜base64å›¾ç‰‡: ./data/uploads/c583ab5e-05b8-4eba-8b7b-00d3275ed284.jpg
2026-01-28 17:04:47 - root - INFO - å¼€å§‹è§£ç æ¡å½¢ç : ./data/uploads/c583ab5e-05b8-4eba-8b7b-00d3275ed284.jpg
2026-01-28 17:04:47 - root - INFO - æ¸…ç†ä¸´æ—¶æ–‡ä»¶æˆåŠŸ
2026-01-28 17:04:47 - root - INFO - è§£ç å®Œæˆ: cost_time: 0.117s
2026-01-28 17:04:47 - root - INFO - Call /bar_decode
2026-01-28 17:04:47 - root - INFO - ä¿å­˜base64å›¾ç‰‡: ./data/uploads/2c1d9adc-958e-45ea-b7b7-80d2a2042d0a.jpg
2026-01-28 17:04:47 - root - INFO - å¼€å§‹è§£ç æ¡å½¢ç : ./data/uploads/2c1d9adc-958e-45ea-b7b7-80d2a2042d0a.jpg
2026-01-28 17:04:47 - root - INFO - æ¸…ç†ä¸´æ—¶æ–‡ä»¶æˆåŠŸ
2026-01-28 17:04:47 - root - INFO - è§£ç å®Œæˆ: cost_time: 0.085s
2026-01-28 17:04:47 - root - INFO - Call /bar_decode
2026-01-28 17:04:47 - root - INFO - ä¿å­˜base64å›¾ç‰‡: ./data/uploads/170cfcdd-8fd9-417d-b1dd-1e7af234f4df.jpg
2026-01-28 17:04:47 - root - INFO - å¼€å§‹è§£ç æ¡å½¢ç : ./data/uploads/170cfcdd-8fd9-417d-b1dd-1e7af234f4df.jpg
2026-01-28 17:04:47 - root - INFO - æ¸…ç†ä¸´æ—¶æ–‡ä»¶æˆåŠŸ
2026-01-28 17:04:47 - root - INFO - è§£ç å®Œæˆ: cost_time: 0.139s
2026-01-28 17:04:47 - root - INFO - Call /bar_decode
2026-01-28 17:04:47 - root - INFO - ä¿å­˜base64å›¾ç‰‡: ./data/uploads/b7a17379-2394-4d8a-8304-3e56f1c48199.jpg
2026-01-28 17:04:47 - root - INFO - å¼€å§‹è§£ç æ¡å½¢ç : ./data/uploads/b7a17379-2394-4d8a-8304-3e56f1c48199.jpg
2026-01-28 17:04:47 - root - INFO - æ¸…ç†ä¸´æ—¶æ–‡ä»¶æˆåŠŸ
2026-01-28 17:04:47 - root - INFO - è§£ç å®Œæˆ: cost_time: 0.121s
2026-01-28 17:04:47 - root - INFO - Call /bar_decode
2026-01-28 17:04:47 - root - INFO - ä¿å­˜base64å›¾ç‰‡: ./data/uploads/7a22e0f0-2323-4dbc-a3f3-d2cf7794b4c3.jpg
2026-01-28 17:04:47 - root - INFO - å¼€å§‹è§£ç æ¡å½¢ç : ./data/uploads/7a22e0f0-2323-4dbc-a3f3-d2cf7794b4c3.jpg
2026-01-28 17:04:47 - root - INFO - æ¸…ç†ä¸´æ—¶æ–‡ä»¶æˆåŠŸ
2026-01-28 17:04:47 - root - INFO - è§£ç å®Œæˆ: cost_time: 0.106s
2026-01-28 17:05:57 - root - INFO - Call /bar_decode
2026-01-28 17:05:57 - root - INFO - ä¿å­˜base64å›¾ç‰‡: ./data/uploads/1edb5b88-67d5-4da8-8d61-9a8b35670422.jpg
2026-01-28 17:05:57 - root - INFO - å¼€å§‹è§£ç æ¡å½¢ç : ./data/uploads/1edb5b88-67d5-4da8-8d61-9a8b35670422.jpg
2026-01-28 17:05:57 - root - INFO - æ¸…ç†ä¸´æ—¶æ–‡ä»¶æˆåŠŸ
2026-01-28 17:05:57 - root - INFO - è§£ç å®Œæˆ: cost_time: 0.042s
2026-01-28 17:05:57 - root - INFO - Call /bar_decode
2026-01-28 17:05:57 - root - INFO - ä¿å­˜base64å›¾ç‰‡: ./data/uploads/0890c75e-0053-4628-8994-11d77db9a0c6.jpg
2026-01-28 17:05:57 - root - INFO - å¼€å§‹è§£ç æ¡å½¢ç : ./data/uploads/0890c75e-0053-4628-8994-11d77db9a0c6.jpg
2026-01-28 17:05:57 - root - INFO - æ¸…ç†ä¸´æ—¶æ–‡ä»¶æˆåŠŸ
2026-01-28 17:05:57 - root - INFO - è§£ç å®Œæˆ: cost_time: 0.057s
2026-01-28 17:05:57 - root - INFO - Call /bar_decode
2026-01-28 17:05:57 - root - INFO - ä¿å­˜base64å›¾ç‰‡: ./data/uploads/e8a875fb-b69a-4814-9741-066ce3743b25.jpg
2026-01-28 17:05:57 - root - INFO - å¼€å§‹è§£ç æ¡å½¢ç : ./data/uploads/e8a875fb-b69a-4814-9741-066ce3743b25.jpg
2026-01-28 17:05:57 - root - INFO - æ¸…ç†ä¸´æ—¶æ–‡ä»¶æˆåŠŸ
2026-01-28 17:05:57 - root - INFO - è§£ç å®Œæˆ: cost_time: 0.042s
2026-01-28 17:05:57 - root - INFO - Call /bar_decode
2026-01-28 17:05:57 - root - INFO - ä¿å­˜base64å›¾ç‰‡: ./data/uploads/bf9bdd10-ccd7-4389-87e7-92997c61c0ff.jpg
2026-01-28 17:05:57 - root - INFO - å¼€å§‹è§£ç æ¡å½¢ç : ./data/uploads/bf9bdd10-ccd7-4389-87e7-92997c61c0ff.jpg
2026-01-28 17:05:57 - root - INFO - æ¸…ç†ä¸´æ—¶æ–‡ä»¶æˆåŠŸ
2026-01-28 17:05:57 - root - INFO - è§£ç å®Œæˆ: cost_time: 0.075s
2026-01-28 17:05:57 - root - INFO - Call /bar_decode
2026-01-28 17:05:57 - root - INFO - ä¿å­˜base64å›¾ç‰‡: ./data/uploads/9756765f-d28e-453e-97ca-149ec357cb14.jpg
2026-01-28 17:05:57 - root - INFO - å¼€å§‹è§£ç æ¡å½¢ç : ./data/uploads/9756765f-d28e-453e-97ca-149ec357cb14.jpg
2026-01-28 17:05:57 - root - INFO - æ¸…ç†ä¸´æ—¶æ–‡ä»¶æˆåŠŸ
2026-01-28 17:05:57 - root - INFO - è§£ç å®Œæˆ: cost_time: 0.098s
2026-01-28 17:05:57 - root - INFO - Call /bar_decode
2026-01-28 17:05:57 - root - INFO - ä¿å­˜base64å›¾ç‰‡: ./data/uploads/89f3b855-d7ec-4649-b56a-76ca63fd8891.jpg
2026-01-28 17:05:57 - root - INFO - å¼€å§‹è§£ç æ¡å½¢ç : ./data/uploads/89f3b855-d7ec-4649-b56a-76ca63fd8891.jpg
2026-01-28 17:05:57 - root - INFO - æ¸…ç†ä¸´æ—¶æ–‡ä»¶æˆåŠŸ
2026-01-28 17:05:57 - root - INFO - è§£ç å®Œæˆ: cost_time: 0.091s
2026-01-28 17:49:02 - root - INFO - * Starting web service...
2026-01-28 17:49:02 - waitress - INFO - Serving on http://0.0.0.0:5002
2026-01-28 17:49:12 - root - INFO - Call /bar_decode
2026-01-28 17:49:12 - root - INFO - ä¿å­˜base64å›¾ç‰‡: ./data/uploads/7bd15a4a-fbd9-496f-a19e-372c6d48d6d3.jpg
2026-01-28 17:49:12 - root - INFO - å¼€å§‹è§£ç æ¡å½¢ç : ./data/uploads/7bd15a4a-fbd9-496f-a19e-372c6d48d6d3.jpg
2026-01-28 17:49:12 - root - INFO - æ¸…ç†ä¸´æ—¶æ–‡ä»¶æˆåŠŸ
2026-01-28 17:49:12 - root - INFO - è§£ç å®Œæˆ: cost_time: 0.474s
2026-01-28 17:49:12 - root - INFO - Call /bar_decode
2026-01-28 17:49:12 - root - INFO - ä¿å­˜base64å›¾ç‰‡: ./data/uploads/9fac553e-e9bc-4bbb-90ec-c7230ad74ab6.jpg
2026-01-28 17:49:12 - root - INFO - å¼€å§‹è§£ç æ¡å½¢ç : ./data/uploads/9fac553e-e9bc-4bbb-90ec-c7230ad74ab6.jpg
2026-01-28 17:49:13 - root - INFO - æ¸…ç†ä¸´æ—¶æ–‡ä»¶æˆåŠŸ
2026-01-28 17:49:13 - root - INFO - è§£ç å®Œæˆ: cost_time: 0.401s
2026-01-28 17:49:13 - root - INFO - Call /bar_decode
2026-01-28 17:49:13 - root - INFO - ä¿å­˜base64å›¾ç‰‡: ./data/uploads/c486f854-3079-42ac-9566-f2ac771f6ea0.jpg
2026-01-28 17:49:13 - root - INFO - å¼€å§‹è§£ç æ¡å½¢ç : ./data/uploads/c486f854-3079-42ac-9566-f2ac771f6ea0.jpg
2026-01-28 17:49:13 - root - INFO - æ¸…ç†ä¸´æ—¶æ–‡ä»¶æˆåŠŸ
2026-01-28 17:49:13 - root - INFO - è§£ç å®Œæˆ: cost_time: 0.309s
2026-01-28 17:49:13 - root - INFO - Call /bar_decode
2026-01-28 17:49:13 - root - INFO - ä¿å­˜base64å›¾ç‰‡: ./data/uploads/4330e269-38d7-40a9-ba96-73e6971a5d61.jpg
2026-01-28 17:49:13 - root - INFO - å¼€å§‹è§£ç æ¡å½¢ç : ./data/uploads/4330e269-38d7-40a9-ba96-73e6971a5d61.jpg
2026-01-28 17:49:13 - root - INFO - æ¸…ç†ä¸´æ—¶æ–‡ä»¶æˆåŠŸ
2026-01-28 17:49:13 - root - INFO - è§£ç å®Œæˆ: cost_time: 0.292s
2026-01-28 17:49:13 - root - INFO - Call /bar_decode
2026-01-28 17:49:13 - root - INFO - ä¿å­˜base64å›¾ç‰‡: ./data/uploads/a7adc8eb-5303-4c48-a569-23c0529ce670.jpg
2026-01-28 17:49:13 - root - INFO - å¼€å§‹è§£ç æ¡å½¢ç : ./data/uploads/a7adc8eb-5303-4c48-a569-23c0529ce670.jpg
2026-01-28 17:49:13 - root - INFO - æ¸…ç†ä¸´æ—¶æ–‡ä»¶æˆåŠŸ
2026-01-28 17:49:13 - root - INFO - è§£ç å®Œæˆ: cost_time: 0.294s
2026-01-28 17:49:13 - root - INFO - Call /bar_decode
2026-01-28 17:49:13 - root - INFO - ä¿å­˜base64å›¾ç‰‡: ./data/uploads/91636edd-8f46-4d02-a4fd-c5af19ab9ebb.jpg
2026-01-28 17:49:13 - root - INFO - å¼€å§‹è§£ç æ¡å½¢ç : ./data/uploads/91636edd-8f46-4d02-a4fd-c5af19ab9ebb.jpg
2026-01-28 17:49:14 - root - INFO - æ¸…ç†ä¸´æ—¶æ–‡ä»¶æˆåŠŸ
2026-01-28 17:49:14 - root - INFO - è§£ç å®Œæˆ: cost_time: 0.282s
2026-01-28 17:49:25 - root - INFO - Call /bar_decode
2026-01-28 17:49:25 - root - INFO - ä¿å­˜base64å›¾ç‰‡: ./data/uploads/b8e8f4b7-e358-4c60-8f7b-9e1e9ee4763f.jpg
2026-01-28 17:49:25 - root - INFO - å¼€å§‹è§£ç æ¡å½¢ç : ./data/uploads/b8e8f4b7-e358-4c60-8f7b-9e1e9ee4763f.jpg
2026-01-28 17:49:26 - root - INFO - æ¸…ç†ä¸´æ—¶æ–‡ä»¶æˆåŠŸ
2026-01-28 17:49:26 - root - INFO - è§£ç å®Œæˆ: cost_time: 0.25s
2026-01-28 17:49:26 - root - INFO - Call /bar_decode
2026-01-28 17:49:26 - root - INFO - ä¿å­˜base64å›¾ç‰‡: ./data/uploads/be99e385-6f3f-438c-90d9-284e594592ef.jpg
2026-01-28 17:49:26 - root - INFO - å¼€å§‹è§£ç æ¡å½¢ç : ./data/uploads/be99e385-6f3f-438c-90d9-284e594592ef.jpg
2026-01-28 17:49:26 - root - INFO - æ¸…ç†ä¸´æ—¶æ–‡ä»¶æˆåŠŸ
2026-01-28 17:49:26 - root - INFO - è§£ç å®Œæˆ: cost_time: 0.401s
2026-01-28 17:49:26 - root - INFO - Call /bar_decode
2026-01-28 17:49:26 - root - INFO - ä¿å­˜base64å›¾ç‰‡: ./data/uploads/39ebf744-8316-4752-9837-b9ea8e4b6b95.jpg
2026-01-28 17:49:26 - root - INFO - å¼€å§‹è§£ç æ¡å½¢ç : ./data/uploads/39ebf744-8316-4752-9837-b9ea8e4b6b95.jpg
2026-01-28 17:49:26 - root - INFO - æ¸…ç†ä¸´æ—¶æ–‡ä»¶æˆåŠŸ
2026-01-28 17:49:26 - root - INFO - è§£ç å®Œæˆ: cost_time: 0.301s
2026-01-28 17:49:26 - root - INFO - Call /bar_decode
2026-01-28 17:49:26 - root - INFO - ä¿å­˜base64å›¾ç‰‡: ./data/uploads/74e05e40-866c-4a77-a7e3-18f05bf1adb8.jpg
2026-01-28 17:49:26 - root - INFO - å¼€å§‹è§£ç æ¡å½¢ç : ./data/uploads/74e05e40-866c-4a77-a7e3-18f05bf1adb8.jpg
2026-01-28 17:49:27 - root - INFO - æ¸…ç†ä¸´æ—¶æ–‡ä»¶æˆåŠŸ
2026-01-28 17:49:27 - root - INFO - è§£ç å®Œæˆ: cost_time: 0.271s
2026-01-28 17:49:27 - root - INFO - Call /bar_decode
2026-01-28 17:49:27 - root - INFO - ä¿å­˜base64å›¾ç‰‡: ./data/uploads/329157c6-66be-4d4d-ab7c-8985189c542e.jpg
2026-01-28 17:49:27 - root - INFO - å¼€å§‹è§£ç æ¡å½¢ç : ./data/uploads/329157c6-66be-4d4d-ab7c-8985189c542e.jpg
2026-01-28 17:49:27 - root - INFO - æ¸…ç†ä¸´æ—¶æ–‡ä»¶æˆåŠŸ
2026-01-28 17:49:27 - root - INFO - è§£ç å®Œæˆ: cost_time: 0.387s
2026-01-28 17:49:27 - root - INFO - Call /bar_decode
2026-01-28 17:49:27 - root - INFO - ä¿å­˜base64å›¾ç‰‡: ./data/uploads/51a42ed9-f14b-4b18-b6f6-ddf1de0bfdcc.jpg
2026-01-28 17:49:27 - root - INFO - å¼€å§‹è§£ç æ¡å½¢ç : ./data/uploads/51a42ed9-f14b-4b18-b6f6-ddf1de0bfdcc.jpg
2026-01-28 17:49:27 - root - INFO - æ¸…ç†ä¸´æ—¶æ–‡ä»¶æˆåŠŸ
2026-01-28 17:49:27 - root - INFO - è§£ç å®Œæˆ: cost_time: 0.422s
2026-01-29 10:10:58 - root - INFO - * Starting web service...
2026-01-29 10:10:58 - werkzeug - INFO - [31m[1mWARNING: This is a development server. Do not use it in a production deployment. Use a production WSGI server instead.[0m
 * Running on all addresses (0.0.0.0)
 * Running on http://127.0.0.1:5003
 * Running on http://172.18.27.228:5003
2026-01-29 10:10:58 - werkzeug - INFO - [33mPress CTRL+C to quit[0m
2026-01-29 10:10:58 - werkzeug - INFO -  * Restarting with stat
2026-01-29 10:11:05 - root - INFO - * Starting web service...
2026-01-29 10:11:05 - werkzeug - WARNING -  * Debugger is active!
2026-01-29 10:11:06 - werkzeug - INFO -  * Debugger PIN: 592-922-391
2026-01-29 10:11:12 - werkzeug - INFO -  * Detected change in '/data/cjl/ai-supervise-server/test_api.py', reloading
2026-01-29 10:12:22 - werkzeug - INFO -  * Restarting with stat
2026-01-29 10:12:30 - root - INFO - * Starting web service...
2026-01-29 10:12:30 - werkzeug - WARNING -  * Debugger is active!
2026-01-29 10:12:30 - werkzeug - INFO -  * Debugger PIN: 592-922-391
2026-01-29 10:12:30 - root - INFO - Call /bar_decode
2026-01-29 10:12:30 - root - INFO - ä¿å­˜base64å›¾ç‰‡: ./data/uploads/37d10d9a-c4c6-4f5b-8c47-d018dce81542.jpg
2026-01-29 10:12:30 - root - INFO - å¼€å§‹è§£ç æ¡å½¢ç : ./data/uploads/37d10d9a-c4c6-4f5b-8c47-d018dce81542.jpg
2026-01-29 10:12:30 - root - INFO - æ¸…ç†ä¸´æ—¶æ–‡ä»¶æˆåŠŸ
2026-01-29 10:12:30 - root - INFO - è§£ç å®Œæˆ: cost_time: 0.359s
2026-01-29 10:12:30 - werkzeug - INFO - 127.0.0.1 - - [29/Jan/2026 10:12:30] "POST /bar_decode HTTP/1.1" 200 -
2026-01-29 10:13:14 - root - INFO - Call /bar_decode
2026-01-29 10:13:14 - root - INFO - ä¿å­˜base64å›¾ç‰‡: ./data/uploads/86b52152-eb0a-4435-9b0f-5e0d92e8d1c6.jpg
2026-01-29 10:13:14 - root - INFO - å¼€å§‹è§£ç æ¡å½¢ç : ./data/uploads/86b52152-eb0a-4435-9b0f-5e0d92e8d1c6.jpg
2026-01-29 10:13:14 - root - INFO - æ¸…ç†ä¸´æ—¶æ–‡ä»¶æˆåŠŸ
2026-01-29 10:13:14 - root - INFO - è§£ç å®Œæˆ: cost_time: 0.335s
2026-01-29 10:13:14 - werkzeug - INFO - 127.0.0.1 - - [29/Jan/2026 10:13:14] "POST /bar_decode HTTP/1.1" 200 -
2026-01-29 14:55:28 - root - INFO - * Starting web service...
2026-01-29 14:55:28 - werkzeug - INFO - [31m[1mWARNING: This is a development server. Do not use it in a production deployment. Use a production WSGI server instead.[0m
 * Running on all addresses (0.0.0.0)
 * Running on http://127.0.0.1:5003
 * Running on http://172.18.27.228:5003
2026-01-29 14:55:28 - werkzeug - INFO - [33mPress CTRL+C to quit[0m
2026-01-29 14:55:28 - werkzeug - INFO -  * Restarting with stat
2026-01-29 14:55:36 - root - INFO - * Starting web service...
2026-01-29 14:55:36 - werkzeug - WARNING -  * Debugger is active!
2026-01-29 14:55:36 - werkzeug - INFO -  * Debugger PIN: 592-922-391
2026-01-29 16:36:08 - werkzeug - INFO -  * Detected change in '/data/cjl/ai-supervise-server/run_server.py', reloading
